decomposition type: None
batch size is 256
compression rate is 0.5
Model:  ResNet34
Selected optimization level O1:  Insert automatic casts around Pytorch functions and Tensor methods.

Defaults for this optimization level are:
enabled                : True
opt_level              : O1
cast_model_type        : None
patch_torch_functions  : True
keep_batchnorm_fp32    : None
master_weights         : None
loss_scale             : dynamic
Processing user overrides (additional kwargs that are not None)...
After processing overrides, optimization options are:
enabled                : True
opt_level              : O1
cast_model_type        : None
patch_torch_functions  : True
keep_batchnorm_fp32    : None
master_weights         : None
loss_scale             : dynamic
# of training samples:  12544
# of validation samples:  2560
Gradient overflow.  Skipping step, loss scaler 0 reducing loss scale to 32768.0
Gradient overflow.  Skipping step, loss scaler 0 reducing loss scale to 32768.0
Gradient overflow.  Skipping step, loss scaler 0 reducing loss scale to 32768.0Gradient overflow.  Skipping step, loss scaler 0 reducing loss scale to 32768.0

Epoch: [0][10/49]	Time 0.361 (0.361)	Speed 2832.774 (2832.774)	Loss 2.3816881180 (2.3817)	Prec@1 16.797 (16.797)	Prec@5 63.574 (63.574)
Epoch: [0][20/49]	Time 0.067 (0.214)	Speed 15389.879 (4784.819)	Loss 2.0956013203 (2.2386)	Prec@1 22.656 (19.727)	Prec@5 75.977 (69.775)
Epoch: [0][30/49]	Time 0.069 (0.166)	Speed 14763.452 (6176.354)	Loss 1.9699530602 (2.1491)	Prec@1 27.832 (22.428)	Prec@5 82.910 (74.154)
Epoch: [0][40/49]	Time 0.068 (0.141)	Speed 15156.800 (7250.311)	Loss 1.8725349903 (2.0799)	Prec@1 33.398 (25.171)	Prec@5 86.035 (77.124)
[Training] Epoch:0 total_time: 6.656
Test: [10/10]	Time 0.178 (0.069)	Speed 5757.800 (14885.914)	Loss 2.3391 (2.3898)	Prec@1 24.107 (24.830)	Prec@5 82.781 (82.180)
 * Prec@1 24.830 Prec@5 82.180	[Test] total_time: 0.688
Epoch: [1][10/49]	Time 0.114 (0.114)	Speed 8952.728 (8952.728)	Loss 1.8473372459 (1.8473)	Prec@1 36.230 (36.230)	Prec@5 85.547 (85.547)
Epoch: [1][20/49]	Time 0.069 (0.092)	Speed 14771.851 (11148.637)	Loss 1.7090510130 (1.7782)	Prec@1 36.719 (36.475)	Prec@5 88.281 (86.914)
Epoch: [1][30/49]	Time 0.067 (0.084)	Speed 15254.810 (12247.536)	Loss 1.5512017012 (1.7025)	Prec@1 40.430 (37.793)	Prec@5 90.039 (87.956)
Epoch: [1][40/49]	Time 0.070 (0.080)	Speed 14649.956 (12771.114)	Loss 1.5247713327 (1.6581)	Prec@1 43.848 (39.307)	Prec@5 91.992 (88.965)
[Training] Epoch:1 total_time: 3.861
Test: [10/10]	Time 0.048 (0.052)	Speed 21506.989 (19668.798)	Loss 1.5750 (1.5826)	Prec@1 44.005 (43.430)	Prec@5 90.689 (91.520)
 * Prec@1 43.430 Prec@5 91.520	[Test] total_time: 0.521
Epoch: [2][10/49]	Time 0.116 (0.116)	Speed 8829.874 (8829.874)	Loss 1.6226997375 (1.6227)	Prec@1 40.820 (40.820)	Prec@5 92.383 (92.383)
Epoch: [2][20/49]	Time 0.066 (0.091)	Speed 15464.993 (11241.382)	Loss 1.5052320957 (1.5640)	Prec@1 46.875 (43.848)	Prec@5 92.480 (92.432)
Epoch: [2][30/49]	Time 0.066 (0.083)	Speed 15416.986 (12356.989)	Loss 1.3487551212 (1.4922)	Prec@1 52.344 (46.680)	Prec@5 94.141 (93.001)
Epoch: [2][40/49]	Time 0.067 (0.079)	Speed 15398.442 (12998.863)	Loss 1.3423339128 (1.4548)	Prec@1 52.441 (48.120)	Prec@5 94.531 (93.384)
[Training] Epoch:2 total_time: 3.781
Test: [10/10]	Time 0.062 (0.054)	Speed 16500.383 (18815.525)	Loss 1.4371 (1.4343)	Prec@1 50.765 (49.850)	Prec@5 92.985 (94.000)
 * Prec@1 49.850 Prec@5 94.000	[Test] total_time: 0.545
Epoch: [3][10/49]	Time 0.114 (0.114)	Speed 9012.008 (9012.008)	Loss 1.3882801533 (1.3883)	Prec@1 50.195 (50.195)	Prec@5 93.262 (93.262)
Epoch: [3][20/49]	Time 0.066 (0.090)	Speed 15500.205 (11397.419)	Loss 1.3536810875 (1.3710)	Prec@1 51.465 (50.830)	Prec@5 94.922 (94.092)
Epoch: [3][30/49]	Time 0.067 (0.082)	Speed 15325.923 (12462.236)	Loss 1.3074214458 (1.3498)	Prec@1 51.953 (51.204)	Prec@5 93.262 (93.815)
Epoch: [3][40/49]	Time 0.070 (0.079)	Speed 14574.571 (12930.760)	Loss 1.3676936626 (1.3543)	Prec@1 51.758 (51.343)	Prec@5 93.359 (93.701)
[Training] Epoch:3 total_time: 3.792
Test: [10/10]	Time 0.058 (0.051)	Speed 17617.632 (20157.106)	Loss 1.5401 (1.5151)	Prec@1 45.918 (47.570)	Prec@5 93.240 (92.970)
 * Prec@1 47.570 Prec@5 92.970	[Test] total_time: 0.508
Epoch: [4][10/49]	Time 0.110 (0.110)	Speed 9274.550 (9274.550)	Loss 1.4357877970 (1.4358)	Prec@1 50.586 (50.586)	Prec@5 92.676 (92.676)
Epoch: [4][20/49]	Time 0.066 (0.088)	Speed 15477.639 (11598.824)	Loss 1.2761756182 (1.3560)	Prec@1 55.273 (52.930)	Prec@5 94.531 (93.604)
Epoch: [4][30/49]	Time 0.067 (0.081)	Speed 15310.353 (12618.479)	Loss 1.2841209173 (1.3320)	Prec@1 54.688 (53.516)	Prec@5 94.629 (93.945)
Epoch: [4][40/49]	Time 0.065 (0.077)	Speed 15642.431 (13259.292)	Loss 1.2542448044 (1.3126)	Prec@1 56.641 (54.297)	Prec@5 94.336 (94.043)
[Training] Epoch:4 total_time: 3.722
Test: [10/10]	Time 0.069 (0.050)	Speed 14920.593 (20425.788)	Loss 1.5595 (1.5527)	Prec@1 55.485 (56.610)	Prec@5 94.770 (93.950)
 * Prec@1 56.610 Prec@5 93.950	[Test] total_time: 0.502
Epoch: [5][10/49]	Time 0.113 (0.113)	Speed 9100.492 (9100.492)	Loss 1.1635465622 (1.1635)	Prec@1 59.082 (59.082)	Prec@5 96.484 (96.484)
Epoch: [5][20/49]	Time 0.068 (0.090)	Speed 14988.596 (11324.929)	Loss 1.3864328861 (1.2750)	Prec@1 49.805 (54.443)	Prec@5 94.336 (95.410)
Epoch: [5][30/49]	Time 0.066 (0.082)	Speed 15584.757 (12460.189)	Loss 1.2192389965 (1.2564)	Prec@1 56.934 (55.273)	Prec@5 93.750 (94.857)
Epoch: [5][40/49]	Time 0.065 (0.078)	Speed 15646.813 (13128.632)	Loss 1.2406276464 (1.2525)	Prec@1 57.812 (55.908)	Prec@5 94.141 (94.678)
[Training] Epoch:5 total_time: 3.752
Test: [10/10]	Time 0.054 (0.055)	Speed 18934.240 (18656.242)	Loss 1.2536 (1.2056)	Prec@1 57.398 (58.240)	Prec@5 95.663 (95.660)
 * Prec@1 58.240 Prec@5 95.660	[Test] total_time: 0.549
Epoch: [6][10/49]	Time 0.120 (0.120)	Speed 8548.694 (8548.694)	Loss 1.0254881382 (1.0255)	Prec@1 63.867 (63.867)	Prec@5 95.996 (95.996)
Epoch: [6][20/49]	Time 0.067 (0.093)	Speed 15264.542 (10959.611)	Loss 1.1577889919 (1.0916)	Prec@1 58.594 (61.230)	Prec@5 95.898 (95.947)
Epoch: [6][30/49]	Time 0.068 (0.085)	Speed 14952.211 (12030.414)	Loss 1.0191042423 (1.0675)	Prec@1 64.551 (62.337)	Prec@5 96.582 (96.159)
Epoch: [6][40/49]	Time 0.066 (0.080)	Speed 15542.391 (12750.705)	Loss 1.0284835100 (1.0577)	Prec@1 64.062 (62.769)	Prec@5 96.875 (96.338)
[Training] Epoch:6 total_time: 3.848
Test: [10/10]	Time 0.062 (0.052)	Speed 16569.195 (19541.356)	Loss 1.0986 (1.1169)	Prec@1 61.607 (60.580)	Prec@5 96.046 (95.510)
 * Prec@1 60.580 Prec@5 95.510	[Test] total_time: 0.525
Epoch: [7][10/49]	Time 0.110 (0.110)	Speed 9323.947 (9323.947)	Loss 0.9598829746 (0.9599)	Prec@1 68.066 (68.066)	Prec@5 97.363 (97.363)
Epoch: [7][20/49]	Time 0.066 (0.088)	Speed 15476.852 (11637.153)	Loss 0.9097721577 (0.9348)	Prec@1 66.895 (67.480)	Prec@5 97.363 (97.363)
Epoch: [7][30/49]	Time 0.066 (0.081)	Speed 15574.500 (12708.049)	Loss 0.9522994161 (0.9407)	Prec@1 65.820 (66.927)	Prec@5 97.656 (97.461)
Epoch: [7][40/49]	Time 0.066 (0.077)	Speed 15407.335 (13290.140)	Loss 0.9571109414 (0.9448)	Prec@1 68.164 (67.236)	Prec@5 96.777 (97.290)
[Training] Epoch:7 total_time: 3.724
Test: [10/10]	Time 0.060 (0.052)	Speed 17016.241 (19589.700)	Loss 1.0499 (1.0645)	Prec@1 62.117 (63.280)	Prec@5 96.173 (96.020)
 * Prec@1 63.280 Prec@5 96.020	[Test] total_time: 0.523
Epoch: [8][10/49]	Time 0.111 (0.111)	Speed 9217.376 (9217.376)	Loss 0.9395825863 (0.9396)	Prec@1 65.918 (65.918)	Prec@5 97.461 (97.461)
Epoch: [8][20/49]	Time 0.066 (0.089)	Speed 15502.711 (11560.988)	Loss 0.9171829820 (0.9284)	Prec@1 67.090 (66.504)	Prec@5 97.852 (97.656)
Epoch: [8][30/49]	Time 0.068 (0.082)	Speed 15016.124 (12521.356)	Loss 0.8848546147 (0.9139)	Prec@1 70.312 (67.773)	Prec@5 97.559 (97.624)
Epoch: [8][40/49]	Time 0.071 (0.079)	Speed 14473.645 (12958.329)	Loss 0.9322564602 (0.9185)	Prec@1 68.262 (67.896)	Prec@5 96.875 (97.437)
[Training] Epoch:8 total_time: 3.803
Test: [10/10]	Time 0.055 (0.051)	Speed 18611.463 (20109.106)	Loss 0.9164 (0.9489)	Prec@1 68.367 (67.920)	Prec@5 96.556 (97.080)
 * Prec@1 67.920 Prec@5 97.080	[Test] total_time: 0.510
Epoch: [9][10/49]	Time 0.113 (0.113)	Speed 9087.768 (9087.768)	Loss 0.8459475040 (0.8459)	Prec@1 71.094 (71.094)	Prec@5 97.559 (97.559)
Epoch: [9][20/49]	Time 0.067 (0.090)	Speed 15301.898 (11403.198)	Loss 0.8674488664 (0.8567)	Prec@1 69.629 (70.361)	Prec@5 97.754 (97.656)
Epoch: [9][30/49]	Time 0.066 (0.082)	Speed 15523.056 (12509.920)	Loss 0.9766670465 (0.8967)	Prec@1 67.676 (69.466)	Prec@5 97.363 (97.559)
Epoch: [9][40/49]	Time 0.066 (0.078)	Speed 15430.806 (13131.324)	Loss 0.9172149897 (0.9018)	Prec@1 66.602 (68.750)	Prec@5 97.070 (97.437)
[Training] Epoch:9 total_time: 3.747
Test: [10/10]	Time 0.065 (0.051)	Speed 15858.477 (20079.502)	Loss 0.9453 (0.9317)	Prec@1 66.582 (67.420)	Prec@5 97.832 (97.410)
 * Prec@1 67.420 Prec@5 97.410	[Test] total_time: 0.510
Epoch: [10][10/49]	Time 0.117 (0.117)	Speed 8771.666 (8771.666)	Loss 0.7779060006 (0.7779)	Prec@1 72.168 (72.168)	Prec@5 97.656 (97.656)
Epoch: [10][20/49]	Time 0.070 (0.094)	Speed 14536.524 (10941.179)	Loss 0.7831751108 (0.7805)	Prec@1 72.949 (72.559)	Prec@5 97.363 (97.510)
Epoch: [10][30/49]	Time 0.066 (0.085)	Speed 15435.309 (12117.188)	Loss 0.7900702953 (0.7837)	Prec@1 73.340 (72.819)	Prec@5 98.047 (97.689)
Epoch: [10][40/49]	Time 0.067 (0.080)	Speed 15332.833 (12787.654)	Loss 0.7755989432 (0.7817)	Prec@1 74.805 (73.315)	Prec@5 97.852 (97.729)
[Training] Epoch:10 total_time: 3.847
Test: [10/10]	Time 0.078 (0.051)	Speed 13075.278 (20173.637)	Loss 0.8558 (0.8524)	Prec@1 69.133 (69.740)	Prec@5 97.832 (97.720)
 * Prec@1 69.740 Prec@5 97.720	[Test] total_time: 0.508
Epoch: [11][10/49]	Time 0.114 (0.114)	Speed 9015.366 (9015.366)	Loss 0.8194875121 (0.8195)	Prec@1 70.703 (70.703)	Prec@5 98.242 (98.242)
Epoch: [11][20/49]	Time 0.066 (0.090)	Speed 15468.062 (11391.398)	Loss 0.7229808569 (0.7712)	Prec@1 75.879 (73.291)	Prec@5 97.852 (98.047)
Epoch: [11][30/49]	Time 0.066 (0.082)	Speed 15609.793 (12519.122)	Loss 0.7515374422 (0.7647)	Prec@1 74.023 (73.535)	Prec@5 98.926 (98.340)
Epoch: [11][40/49]	Time 0.066 (0.078)	Speed 15502.739 (13151.918)	Loss 0.7971974611 (0.7728)	Prec@1 72.070 (73.169)	Prec@5 98.242 (98.315)
[Training] Epoch:11 total_time: 3.757
Test: [10/10]	Time 0.073 (0.054)	Speed 14030.980 (19054.733)	Loss 0.9251 (0.8943)	Prec@1 68.495 (69.130)	Prec@5 96.811 (97.370)
 * Prec@1 69.130 Prec@5 97.370	[Test] total_time: 0.538
Epoch: [12][10/49]	Time 0.117 (0.117)	Speed 8745.996 (8745.996)	Loss 0.7339199185 (0.7339)	Prec@1 74.707 (74.707)	Prec@5 98.047 (98.047)
Epoch: [12][20/49]	Time 0.068 (0.093)	Speed 14990.438 (11046.842)	Loss 0.7163958549 (0.7252)	Prec@1 75.195 (74.951)	Prec@5 97.559 (97.803)
Epoch: [12][30/49]	Time 0.071 (0.085)	Speed 14521.558 (12004.305)	Loss 0.7345775366 (0.7283)	Prec@1 74.219 (74.707)	Prec@5 98.242 (97.949)
Epoch: [12][40/49]	Time 0.069 (0.081)	Speed 14875.087 (12612.852)	Loss 0.7199861407 (0.7262)	Prec@1 73.535 (74.414)	Prec@5 98.633 (98.120)
[Training] Epoch:12 total_time: 3.889
Test: [10/10]	Time 0.062 (0.054)	Speed 16439.059 (19044.518)	Loss 0.7790 (0.7607)	Prec@1 74.107 (73.620)	Prec@5 97.194 (98.140)
 * Prec@1 73.620 Prec@5 98.140	[Test] total_time: 0.538
Epoch: [13][10/49]	Time 0.117 (0.117)	Speed 8763.658 (8763.658)	Loss 0.7036127448 (0.7036)	Prec@1 75.586 (75.586)	Prec@5 98.535 (98.535)
Epoch: [13][20/49]	Time 0.069 (0.093)	Speed 14807.179 (11010.645)	Loss 0.7422622442 (0.7229)	Prec@1 74.609 (75.098)	Prec@5 98.535 (98.535)
Epoch: [13][30/49]	Time 0.067 (0.084)	Speed 15296.296 (12144.878)	Loss 0.7577773929 (0.7346)	Prec@1 73.926 (74.707)	Prec@5 97.949 (98.340)
Epoch: [13][40/49]	Time 0.067 (0.080)	Speed 15179.373 (12783.776)	Loss 0.6689038277 (0.7181)	Prec@1 76.074 (75.049)	Prec@5 98.145 (98.291)
[Training] Epoch:13 total_time: 3.834
Test: [10/10]	Time 0.058 (0.055)	Speed 17564.676 (18591.153)	Loss 0.8579 (0.8077)	Prec@1 70.153 (72.160)	Prec@5 97.577 (98.070)
 * Prec@1 72.160 Prec@5 98.070	[Test] total_time: 0.551
Epoch: [14][10/49]	Time 0.111 (0.111)	Speed 9249.087 (9249.087)	Loss 0.6777091026 (0.6777)	Prec@1 75.977 (75.977)	Prec@5 98.340 (98.340)
Epoch: [14][20/49]	Time 0.067 (0.089)	Speed 15277.856 (11522.530)	Loss 0.7094765306 (0.6936)	Prec@1 74.707 (75.342)	Prec@5 98.438 (98.389)
Epoch: [14][30/49]	Time 0.066 (0.081)	Speed 15470.246 (12593.761)	Loss 0.6454403400 (0.6775)	Prec@1 76.855 (75.846)	Prec@5 98.340 (98.372)
Epoch: [14][40/49]	Time 0.066 (0.078)	Speed 15413.938 (13197.420)	Loss 0.6633982658 (0.6740)	Prec@1 77.344 (76.221)	Prec@5 98.535 (98.413)
[Training] Epoch:14 total_time: 3.725
Test: [10/10]	Time 0.051 (0.051)	Speed 19984.865 (20042.443)	Loss 0.8099 (0.8124)	Prec@1 71.173 (71.510)	Prec@5 98.469 (97.780)
 * Prec@1 71.510 Prec@5 97.780	[Test] total_time: 0.511
Epoch: [15][10/49]	Time 0.113 (0.113)	Speed 9086.389 (9086.389)	Loss 0.6693173647 (0.6693)	Prec@1 78.320 (78.320)	Prec@5 98.535 (98.535)
Epoch: [15][20/49]	Time 0.067 (0.090)	Speed 15380.212 (11423.785)	Loss 0.6413961649 (0.6554)	Prec@1 78.516 (78.418)	Prec@5 98.535 (98.535)
Epoch: [15][30/49]	Time 0.067 (0.082)	Speed 15346.157 (12487.709)	Loss 0.6929197311 (0.6679)	Prec@1 75.879 (77.572)	Prec@5 98.047 (98.372)
Epoch: [15][40/49]	Time 0.066 (0.078)	Speed 15576.736 (13139.115)	Loss 0.7332015038 (0.6842)	Prec@1 73.242 (76.489)	Prec@5 98.926 (98.511)
[Training] Epoch:15 total_time: 3.759
Test: [10/10]	Time 0.054 (0.050)	Speed 19127.083 (20388.526)	Loss 0.7795 (0.7483)	Prec@1 72.321 (74.370)	Prec@5 97.832 (98.040)
 * Prec@1 74.370 Prec@5 98.040	[Test] total_time: 0.502
Epoch: [16][10/49]	Time 0.114 (0.114)	Speed 8952.039 (8952.039)	Loss 0.6483566761 (0.6484)	Prec@1 77.148 (77.148)	Prec@5 98.828 (98.828)
Epoch: [16][20/49]	Time 0.067 (0.091)	Speed 15243.689 (11279.851)	Loss 0.6190505028 (0.6337)	Prec@1 78.320 (77.734)	Prec@5 99.219 (99.023)
Epoch: [16][30/49]	Time 0.067 (0.083)	Speed 15284.260 (12359.203)	Loss 0.6721896529 (0.6465)	Prec@1 77.051 (77.507)	Prec@5 98.633 (98.893)
Epoch: [16][40/49]	Time 0.067 (0.079)	Speed 15327.274 (12987.972)	Loss 0.6407557726 (0.6451)	Prec@1 78.613 (77.783)	Prec@5 98.730 (98.853)
[Training] Epoch:16 total_time: 3.783
Test: [10/10]	Time 0.057 (0.054)	Speed 17888.020 (18957.432)	Loss 0.7604 (0.7396)	Prec@1 75.765 (74.540)	Prec@5 98.724 (98.600)
 * Prec@1 74.540 Prec@5 98.600	[Test] total_time: 0.540
Epoch: [17][10/49]	Time 0.119 (0.119)	Speed 8638.827 (8638.827)	Loss 0.6768947840 (0.6769)	Prec@1 75.977 (75.977)	Prec@5 98.535 (98.535)
Epoch: [17][20/49]	Time 0.068 (0.093)	Speed 15078.086 (10984.311)	Loss 0.6025352478 (0.6397)	Prec@1 79.102 (77.539)	Prec@5 99.023 (98.779)
Epoch: [17][30/49]	Time 0.066 (0.084)	Speed 15472.197 (12160.029)	Loss 0.6037198305 (0.6277)	Prec@1 79.199 (78.092)	Prec@5 98.926 (98.828)
Epoch: [17][40/49]	Time 0.067 (0.080)	Speed 15277.432 (12813.697)	Loss 0.6461010575 (0.6323)	Prec@1 78.516 (78.198)	Prec@5 99.512 (98.999)
[Training] Epoch:17 total_time: 3.827
Test: [10/10]	Time 0.052 (0.047)	Speed 19691.297 (21586.254)	Loss 0.7764 (0.7845)	Prec@1 73.724 (73.010)	Prec@5 97.959 (98.040)
 * Prec@1 73.010 Prec@5 98.040	[Test] total_time: 0.475
Epoch: [18][10/49]	Time 0.114 (0.114)	Speed 8984.864 (8984.864)	Loss 0.6392745972 (0.6393)	Prec@1 78.125 (78.125)	Prec@5 98.535 (98.535)
Epoch: [18][20/49]	Time 0.069 (0.091)	Speed 14839.727 (11192.883)	Loss 0.7104377151 (0.6749)	Prec@1 76.074 (77.100)	Prec@5 98.340 (98.438)
Epoch: [18][30/49]	Time 0.066 (0.083)	Speed 15595.815 (12355.607)	Loss 0.6359301209 (0.6619)	Prec@1 78.613 (77.604)	Prec@5 99.023 (98.633)
Epoch: [18][40/49]	Time 0.066 (0.079)	Speed 15470.993 (13010.591)	Loss 0.6772887707 (0.6657)	Prec@1 76.172 (77.246)	Prec@5 97.754 (98.413)
[Training] Epoch:18 total_time: 3.793
Test: [10/10]	Time 0.069 (0.054)	Speed 14782.757 (19122.765)	Loss 0.7821 (0.7765)	Prec@1 73.597 (74.130)	Prec@5 97.704 (98.030)
 * Prec@1 74.130 Prec@5 98.030	[Test] total_time: 0.536
Epoch: [19][10/49]	Time 0.116 (0.116)	Speed 8824.680 (8824.680)	Loss 0.5837383270 (0.5837)	Prec@1 79.785 (79.785)	Prec@5 98.926 (98.926)
Epoch: [19][20/49]	Time 0.068 (0.092)	Speed 15104.568 (11140.591)	Loss 0.6137782335 (0.5988)	Prec@1 78.223 (79.004)	Prec@5 99.121 (99.023)
Epoch: [19][30/49]	Time 0.068 (0.084)	Speed 15097.352 (12207.008)	Loss 0.6397849917 (0.6124)	Prec@1 77.637 (78.548)	Prec@5 98.730 (98.926)
Epoch: [19][40/49]	Time 0.069 (0.080)	Speed 14803.234 (12766.774)	Loss 0.6217191219 (0.6148)	Prec@1 78.809 (78.613)	Prec@5 98.926 (98.926)
[Training] Epoch:19 total_time: 3.875
Test: [10/10]	Time 0.069 (0.051)	Speed 14903.456 (19918.633)	Loss 0.8360 (0.8365)	Prec@1 71.429 (70.870)	Prec@5 98.597 (97.980)
 * Prec@1 70.870 Prec@5 97.980	[Test] total_time: 0.514
Epoch: [20][10/49]	Time 0.112 (0.112)	Speed 9152.771 (9152.771)	Loss 0.6131266952 (0.6131)	Prec@1 79.395 (79.395)	Prec@5 98.438 (98.438)
Epoch: [20][20/49]	Time 0.067 (0.089)	Speed 15301.920 (11454.242)	Loss 0.6264455318 (0.6198)	Prec@1 78.418 (78.906)	Prec@5 99.023 (98.730)
Epoch: [20][30/49]	Time 0.066 (0.082)	Speed 15399.132 (12523.663)	Loss 0.5678423643 (0.6025)	Prec@1 79.883 (79.232)	Prec@5 99.219 (98.893)
Epoch: [20][40/49]	Time 0.072 (0.079)	Speed 14277.680 (12920.484)	Loss 0.5757672787 (0.5958)	Prec@1 80.566 (79.565)	Prec@5 99.316 (98.999)
[Training] Epoch:20 total_time: 3.808
Test: [10/10]	Time 0.066 (0.050)	Speed 15557.361 (20469.429)	Loss 0.6849 (0.6923)	Prec@1 76.786 (76.590)	Prec@5 98.597 (98.120)
 * Prec@1 76.590 Prec@5 98.120	[Test] total_time: 0.500
Epoch: [21][10/49]	Time 0.111 (0.111)	Speed 9212.570 (9212.570)	Loss 0.5758096576 (0.5758)	Prec@1 79.980 (79.980)	Prec@5 98.828 (98.828)
Epoch: [21][20/49]	Time 0.068 (0.090)	Speed 14988.099 (11411.165)	Loss 0.6089175940 (0.5924)	Prec@1 80.078 (80.029)	Prec@5 99.219 (99.023)
Epoch: [21][30/49]	Time 0.067 (0.082)	Speed 15234.059 (12452.818)	Loss 0.5675481558 (0.5841)	Prec@1 79.980 (80.013)	Prec@5 99.219 (99.089)
Epoch: [21][40/49]	Time 0.068 (0.079)	Speed 15021.901 (13009.027)	Loss 0.5909225941 (0.5858)	Prec@1 79.883 (79.980)	Prec@5 99.023 (99.072)
[Training] Epoch:21 total_time: 3.789
Test: [10/10]	Time 0.059 (0.051)	Speed 17349.758 (20138.997)	Loss 0.7180 (0.6761)	Prec@1 74.490 (76.910)	Prec@5 98.214 (98.430)
 * Prec@1 76.910 Prec@5 98.430	[Test] total_time: 0.509
Epoch: [22][10/49]	Time 0.115 (0.115)	Speed 8879.882 (8879.882)	Loss 0.5562210083 (0.5562)	Prec@1 80.664 (80.664)	Prec@5 99.219 (99.219)
Epoch: [22][20/49]	Time 0.068 (0.092)	Speed 15092.153 (11181.073)	Loss 0.5413427353 (0.5488)	Prec@1 82.422 (81.543)	Prec@5 99.121 (99.170)
Epoch: [22][30/49]	Time 0.067 (0.083)	Speed 15294.367 (12282.133)	Loss 0.5356245637 (0.5444)	Prec@1 81.934 (81.673)	Prec@5 99.023 (99.121)
Epoch: [22][40/49]	Time 0.067 (0.079)	Speed 15259.135 (12911.899)	Loss 0.6191912293 (0.5631)	Prec@1 80.078 (81.274)	Prec@5 98.828 (99.048)
[Training] Epoch:22 total_time: 3.814
Test: [10/10]	Time 0.060 (0.049)	Speed 17036.490 (20813.417)	Loss 0.7467 (0.7651)	Prec@1 74.745 (74.510)	Prec@5 98.087 (97.900)
 * Prec@1 74.510 Prec@5 97.900	[Test] total_time: 0.492
Epoch: [23][10/49]	Time 0.114 (0.114)	Speed 8944.604 (8944.604)	Loss 0.5021534562 (0.5022)	Prec@1 83.594 (83.594)	Prec@5 99.023 (99.023)
Epoch: [23][20/49]	Time 0.066 (0.090)	Speed 15485.485 (11339.421)	Loss 0.5613725185 (0.5318)	Prec@1 80.078 (81.836)	Prec@5 99.316 (99.170)
Epoch: [23][30/49]	Time 0.067 (0.082)	Speed 15362.976 (12424.037)	Loss 0.5002902150 (0.5213)	Prec@1 83.008 (82.227)	Prec@5 99.414 (99.251)
Epoch: [23][40/49]	Time 0.066 (0.078)	Speed 15482.375 (13069.462)	Loss 0.5020518899 (0.5165)	Prec@1 83.105 (82.446)	Prec@5 99.512 (99.316)
[Training] Epoch:23 total_time: 3.776
Test: [10/10]	Time 0.070 (0.052)	Speed 14665.649 (19603.470)	Loss 0.7439 (0.7392)	Prec@1 76.020 (75.610)	Prec@5 97.577 (97.830)
 * Prec@1 75.610 Prec@5 97.830	[Test] total_time: 0.523
Epoch: [24][10/49]	Time 0.114 (0.114)	Speed 8998.491 (8998.491)	Loss 0.5420926809 (0.5421)	Prec@1 82.031 (82.031)	Prec@5 98.730 (98.730)
Epoch: [24][20/49]	Time 0.069 (0.091)	Speed 14884.516 (11216.191)	Loss 0.5562838316 (0.5492)	Prec@1 82.324 (82.178)	Prec@5 98.730 (98.730)
Epoch: [24][30/49]	Time 0.068 (0.083)	Speed 15102.008 (12268.433)	Loss 0.5266226530 (0.5417)	Prec@1 82.324 (82.227)	Prec@5 99.512 (98.991)
Epoch: [24][40/49]	Time 0.066 (0.079)	Speed 15429.220 (12930.668)	Loss 0.5395599604 (0.5411)	Prec@1 81.445 (82.031)	Prec@5 99.121 (99.023)
[Training] Epoch:24 total_time: 3.796
Test: [10/10]	Time 0.063 (0.052)	Speed 16134.544 (19612.762)	Loss 0.8876 (0.8802)	Prec@1 70.918 (71.610)	Prec@5 97.577 (98.030)
 * Prec@1 71.610 Prec@5 98.030	[Test] total_time: 0.522
Epoch: [25][10/49]	Time 0.110 (0.110)	Speed 9267.800 (9267.800)	Loss 0.4852039218 (0.4852)	Prec@1 82.715 (82.715)	Prec@5 99.512 (99.512)
Epoch: [25][20/49]	Time 0.068 (0.089)	Speed 15147.670 (11499.723)	Loss 0.4900991321 (0.4877)	Prec@1 84.082 (83.398)	Prec@5 99.414 (99.463)
Epoch: [25][30/49]	Time 0.068 (0.082)	Speed 15169.745 (12508.448)	Loss 0.5818639398 (0.5191)	Prec@1 79.492 (82.096)	Prec@5 99.023 (99.316)
Epoch: [25][40/49]	Time 0.066 (0.078)	Speed 15459.855 (13135.358)	Loss 0.5518625975 (0.5273)	Prec@1 81.934 (82.056)	Prec@5 98.730 (99.170)
[Training] Epoch:25 total_time: 3.762
Test: [10/10]	Time 0.063 (0.051)	Speed 16359.225 (20130.454)	Loss 0.7325 (0.7403)	Prec@1 74.490 (75.020)	Prec@5 98.597 (98.400)
 * Prec@1 75.020 Prec@5 98.400	[Test] total_time: 0.509
Epoch: [26][10/49]	Time 0.111 (0.111)	Speed 9194.140 (9194.140)	Loss 0.4600523710 (0.4601)	Prec@1 84.277 (84.277)	Prec@5 99.219 (99.219)
Epoch: [26][20/49]	Time 0.068 (0.090)	Speed 15020.551 (11406.386)	Loss 0.5602901578 (0.5102)	Prec@1 80.273 (82.275)	Prec@5 98.730 (98.975)
Epoch: [26][30/49]	Time 0.066 (0.082)	Speed 15403.208 (12486.373)	Loss 0.5472950935 (0.5225)	Prec@1 80.566 (81.706)	Prec@5 99.316 (99.089)
Epoch: [26][40/49]	Time 0.068 (0.078)	Speed 15114.072 (13053.747)	Loss 0.4857708514 (0.5134)	Prec@1 83.105 (82.056)	Prec@5 99.707 (99.243)
[Training] Epoch:26 total_time: 3.760
Test: [10/10]	Time 0.061 (0.054)	Speed 16709.529 (19096.985)	Loss 0.7353 (0.6899)	Prec@1 76.403 (76.870)	Prec@5 99.107 (98.630)
 * Prec@1 76.870 Prec@5 98.630	[Test] total_time: 0.536
Epoch: [27][10/49]	Time 0.115 (0.115)	Speed 8929.894 (8929.894)	Loss 0.5037485361 (0.5037)	Prec@1 82.422 (82.422)	Prec@5 99.414 (99.414)
Epoch: [27][20/49]	Time 0.066 (0.091)	Speed 15434.255 (11313.858)	Loss 0.5470441580 (0.5254)	Prec@1 79.199 (80.811)	Prec@5 99.316 (99.365)
Epoch: [27][30/49]	Time 0.066 (0.082)	Speed 15464.097 (12425.433)	Loss 0.4820706546 (0.5110)	Prec@1 82.520 (81.380)	Prec@5 99.316 (99.349)
Epoch: [27][40/49]	Time 0.068 (0.079)	Speed 15066.598 (12994.934)	Loss 0.5166357756 (0.5124)	Prec@1 80.957 (81.274)	Prec@5 99.219 (99.316)
[Training] Epoch:27 total_time: 3.772
Test: [10/10]	Time 0.056 (0.052)	Speed 18169.834 (19657.267)	Loss 0.7269 (0.7294)	Prec@1 74.490 (75.130)	Prec@5 98.852 (98.260)
 * Prec@1 75.130 Prec@5 98.260	[Test] total_time: 0.521
Epoch: [28][10/49]	Time 0.114 (0.114)	Speed 9001.765 (9001.765)	Loss 0.5168793201 (0.5169)	Prec@1 83.105 (83.105)	Prec@5 99.219 (99.219)
Epoch: [28][20/49]	Time 0.066 (0.090)	Speed 15514.639 (11393.118)	Loss 0.4936424494 (0.5053)	Prec@1 83.008 (83.057)	Prec@5 99.316 (99.268)
Epoch: [28][30/49]	Time 0.067 (0.082)	Speed 15341.930 (12462.332)	Loss 0.5164950490 (0.5090)	Prec@1 82.910 (83.008)	Prec@5 99.316 (99.284)
Epoch: [28][40/49]	Time 0.067 (0.078)	Speed 15237.086 (13056.758)	Loss 0.5498173833 (0.5192)	Prec@1 81.543 (82.642)	Prec@5 98.633 (99.121)
[Training] Epoch:28 total_time: 3.780
Test: [10/10]	Time 0.059 (0.051)	Speed 17417.514 (20154.401)	Loss 0.7024 (0.6610)	Prec@1 75.893 (77.600)	Prec@5 98.214 (98.810)
 * Prec@1 77.600 Prec@5 98.810	[Test] total_time: 0.508
Epoch: [29][10/49]	Time 0.117 (0.117)	Speed 8726.666 (8726.666)	Loss 0.5144907236 (0.5145)	Prec@1 81.641 (81.641)	Prec@5 98.828 (98.828)
Epoch: [29][20/49]	Time 0.069 (0.093)	Speed 14863.304 (10996.800)	Loss 0.4582689404 (0.4864)	Prec@1 82.910 (82.275)	Prec@5 99.512 (99.170)
Epoch: [29][30/49]	Time 0.066 (0.084)	Speed 15550.365 (12186.291)	Loss 0.5326472521 (0.5018)	Prec@1 80.957 (81.836)	Prec@5 99.023 (99.121)
Epoch: [29][40/49]	Time 0.067 (0.080)	Speed 15392.388 (12855.724)	Loss 0.5574166775 (0.5157)	Prec@1 79.785 (81.323)	Prec@5 99.121 (99.121)
[Training] Epoch:29 total_time: 3.834
Test: [10/10]	Time 0.066 (0.051)	Speed 15464.375 (19928.347)	Loss 0.7412 (0.7456)	Prec@1 75.128 (74.970)	Prec@5 98.597 (98.430)
 * Prec@1 74.970 Prec@5 98.430	[Test] total_time: 0.514
Epoch: [30][10/49]	Time 0.117 (0.117)	Speed 8770.315 (8770.315)	Loss 0.4409968555 (0.4410)	Prec@1 84.766 (84.766)	Prec@5 99.414 (99.414)
Epoch: [30][20/49]	Time 0.068 (0.093)	Speed 14986.646 (11065.187)	Loss 0.3795885444 (0.4103)	Prec@1 86.621 (85.693)	Prec@5 99.512 (99.463)
Epoch: [30][30/49]	Time 0.069 (0.085)	Speed 14912.403 (12106.277)	Loss 0.4077654779 (0.4095)	Prec@1 85.547 (85.645)	Prec@5 99.414 (99.447)
Epoch: [30][40/49]	Time 0.073 (0.082)	Speed 13953.157 (12520.592)	Loss 0.3613034785 (0.3974)	Prec@1 87.500 (86.108)	Prec@5 99.512 (99.463)
[Training] Epoch:30 total_time: 3.902
Test: [10/10]	Time 0.067 (0.053)	Speed 15198.367 (19342.317)	Loss 0.4986 (0.4730)	Prec@1 84.056 (83.600)	Prec@5 99.235 (99.350)
 * Prec@1 83.600 Prec@5 99.350	[Test] total_time: 0.530
Epoch: [31][10/49]	Time 0.112 (0.112)	Speed 9124.753 (9124.753)	Loss 0.3344770074 (0.3345)	Prec@1 88.477 (88.477)	Prec@5 99.512 (99.512)
Epoch: [31][20/49]	Time 0.066 (0.089)	Speed 15511.160 (11490.177)	Loss 0.2994906008 (0.3170)	Prec@1 89.355 (88.916)	Prec@5 100.000 (99.756)
Epoch: [31][30/49]	Time 0.066 (0.081)	Speed 15556.826 (12586.945)	Loss 0.3413073123 (0.3251)	Prec@1 87.793 (88.542)	Prec@5 99.805 (99.772)
Epoch: [31][40/49]	Time 0.066 (0.078)	Speed 15409.602 (13191.012)	Loss 0.3157058358 (0.3227)	Prec@1 89.551 (88.794)	Prec@5 99.609 (99.731)
[Training] Epoch:31 total_time: 3.741
Test: [10/10]	Time 0.062 (0.048)	Speed 16433.336 (21459.782)	Loss 0.4864 (0.4699)	Prec@1 84.694 (83.750)	Prec@5 99.107 (99.280)
 * Prec@1 83.750 Prec@5 99.280	[Test] total_time: 0.477
Epoch: [32][10/49]	Time 0.112 (0.112)	Speed 9167.486 (9167.486)	Loss 0.2980633974 (0.2981)	Prec@1 89.453 (89.453)	Prec@5 99.805 (99.805)
Epoch: [32][20/49]	Time 0.070 (0.091)	Speed 14687.244 (11288.755)	Loss 0.3006763458 (0.2994)	Prec@1 90.723 (90.088)	Prec@5 99.609 (99.707)
Epoch: [32][30/49]	Time 0.066 (0.083)	Speed 15440.914 (12400.258)	Loss 0.3257124126 (0.3082)	Prec@1 89.453 (89.876)	Prec@5 99.414 (99.609)
Epoch: [32][40/49]	Time 0.068 (0.079)	Speed 15029.476 (12967.378)	Loss 0.3340606689 (0.3146)	Prec@1 87.988 (89.404)	Prec@5 99.707 (99.634)
[Training] Epoch:32 total_time: 3.802
Test: [10/10]	Time 0.066 (0.050)	Speed 15585.079 (20285.268)	Loss 0.4803 (0.4638)	Prec@1 84.311 (83.920)	Prec@5 99.362 (99.350)
 * Prec@1 83.920 Prec@5 99.350	[Test] total_time: 0.505
Epoch: [33][10/49]	Time 0.112 (0.112)	Speed 9110.784 (9110.784)	Loss 0.3018748164 (0.3019)	Prec@1 89.062 (89.062)	Prec@5 99.805 (99.805)
Epoch: [33][20/49]	Time 0.068 (0.090)	Speed 15135.318 (11374.580)	Loss 0.3023036122 (0.3021)	Prec@1 89.453 (89.258)	Prec@5 99.902 (99.854)
Epoch: [33][30/49]	Time 0.069 (0.083)	Speed 14946.789 (12359.174)	Loss 0.2908126712 (0.2983)	Prec@1 89.258 (89.258)	Prec@5 99.805 (99.837)
Epoch: [33][40/49]	Time 0.067 (0.079)	Speed 15359.268 (12993.681)	Loss 0.2910232544 (0.2965)	Prec@1 89.648 (89.355)	Prec@5 99.609 (99.780)
[Training] Epoch:33 total_time: 3.787
Test: [10/10]	Time 0.065 (0.052)	Speed 15706.706 (19594.455)	Loss 0.4682 (0.4621)	Prec@1 84.694 (84.540)	Prec@5 99.362 (99.220)
 * Prec@1 84.540 Prec@5 99.220	[Test] total_time: 0.523
Epoch: [34][10/49]	Time 0.114 (0.114)	Speed 8984.721 (8984.721)	Loss 0.3151512146 (0.3152)	Prec@1 88.477 (88.477)	Prec@5 99.707 (99.707)
Epoch: [34][20/49]	Time 0.066 (0.090)	Speed 15470.085 (11367.451)	Loss 0.2715664506 (0.2934)	Prec@1 90.527 (89.502)	Prec@5 99.805 (99.756)
Epoch: [34][30/49]	Time 0.068 (0.083)	Speed 15160.518 (12401.729)	Loss 0.3047385812 (0.2972)	Prec@1 89.551 (89.518)	Prec@5 99.805 (99.772)
Epoch: [34][40/49]	Time 0.067 (0.079)	Speed 15355.319 (13028.223)	Loss 0.2793498933 (0.2927)	Prec@1 90.332 (89.722)	Prec@5 99.902 (99.805)
[Training] Epoch:34 total_time: 3.789
Test: [10/10]	Time 0.066 (0.053)	Speed 15414.701 (19184.110)	Loss 0.4733 (0.4603)	Prec@1 84.439 (84.570)	Prec@5 99.362 (99.350)
 * Prec@1 84.570 Prec@5 99.350	[Test] total_time: 0.534
Epoch: [35][10/49]	Time 0.115 (0.115)	Speed 8879.616 (8879.616)	Loss 0.2447695732 (0.2448)	Prec@1 90.723 (90.723)	Prec@5 100.000 (100.000)
Epoch: [35][20/49]	Time 0.066 (0.091)	Speed 15552.060 (11304.695)	Loss 0.2586047351 (0.2517)	Prec@1 90.723 (90.723)	Prec@5 99.902 (99.951)
Epoch: [35][30/49]	Time 0.067 (0.083)	Speed 15189.332 (12358.224)	Loss 0.2965318859 (0.2666)	Prec@1 90.039 (90.495)	Prec@5 99.512 (99.805)
Epoch: [35][40/49]	Time 0.067 (0.079)	Speed 15209.729 (12965.934)	Loss 0.2297483981 (0.2574)	Prec@1 92.285 (90.942)	Prec@5 99.805 (99.805)
[Training] Epoch:35 total_time: 3.792
Test: [10/10]	Time 0.056 (0.048)	Speed 18249.742 (21414.576)	Loss 0.4653 (0.4594)	Prec@1 84.566 (84.550)	Prec@5 99.745 (99.310)
 * Prec@1 84.550 Prec@5 99.310	[Test] total_time: 0.478
Epoch: [36][10/49]	Time 0.108 (0.108)	Speed 9439.184 (9439.184)	Loss 0.2963466346 (0.2963)	Prec@1 89.844 (89.844)	Prec@5 99.609 (99.609)
Epoch: [36][20/49]	Time 0.067 (0.088)	Speed 15312.793 (11679.089)	Loss 0.2501212358 (0.2732)	Prec@1 92.480 (91.162)	Prec@5 99.805 (99.707)
Epoch: [36][30/49]	Time 0.066 (0.081)	Speed 15405.291 (12703.306)	Loss 0.2419855595 (0.2628)	Prec@1 91.309 (91.211)	Prec@5 99.805 (99.740)
Epoch: [36][40/49]	Time 0.066 (0.077)	Speed 15597.344 (13321.234)	Loss 0.3228591383 (0.2778)	Prec@1 88.086 (90.430)	Prec@5 99.902 (99.780)
[Training] Epoch:36 total_time: 3.703
Test: [10/10]	Time 0.065 (0.048)	Speed 15677.981 (21506.408)	Loss 0.4911 (0.4568)	Prec@1 84.056 (84.840)	Prec@5 99.617 (99.350)
 * Prec@1 84.840 Prec@5 99.350	[Test] total_time: 0.476
Epoch: [37][10/49]	Time 0.112 (0.112)	Speed 9140.371 (9140.371)	Loss 0.2360365689 (0.2360)	Prec@1 91.016 (91.016)	Prec@5 100.000 (100.000)
Epoch: [37][20/49]	Time 0.067 (0.090)	Speed 15288.928 (11440.891)	Loss 0.2198857665 (0.2280)	Prec@1 92.773 (91.895)	Prec@5 99.805 (99.902)
Epoch: [37][30/49]	Time 0.066 (0.082)	Speed 15403.539 (12513.990)	Loss 0.2484732568 (0.2348)	Prec@1 92.285 (92.025)	Prec@5 99.707 (99.837)
Epoch: [37][40/49]	Time 0.066 (0.078)	Speed 15443.612 (13137.006)	Loss 0.2851241827 (0.2474)	Prec@1 89.551 (91.406)	Prec@5 99.805 (99.829)
[Training] Epoch:37 total_time: 3.762
Test: [10/10]	Time 0.067 (0.061)	Speed 15290.186 (16912.476)	Loss 0.4903 (0.4667)	Prec@1 84.184 (84.770)	Prec@5 99.490 (99.320)
 * Prec@1 84.770 Prec@5 99.320	[Test] total_time: 0.606
Epoch: [38][10/49]	Time 0.124 (0.124)	Speed 8238.979 (8238.979)	Loss 0.2788770795 (0.2789)	Prec@1 90.723 (90.723)	Prec@5 99.512 (99.512)
Epoch: [38][20/49]	Time 0.069 (0.097)	Speed 14753.279 (10573.294)	Loss 0.2624381185 (0.2707)	Prec@1 90.820 (90.771)	Prec@5 99.707 (99.609)
Epoch: [38][30/49]	Time 0.067 (0.087)	Speed 15298.066 (11786.729)	Loss 0.2391242981 (0.2601)	Prec@1 89.648 (90.397)	Prec@5 99.805 (99.674)
Epoch: [38][40/49]	Time 0.067 (0.082)	Speed 15288.771 (12502.695)	Loss 0.2307475805 (0.2528)	Prec@1 92.285 (90.869)	Prec@5 99.707 (99.683)
[Training] Epoch:38 total_time: 3.916
Test: [10/10]	Time 0.049 (0.050)	Speed 20862.521 (20615.639)	Loss 0.4918 (0.4582)	Prec@1 84.694 (84.700)	Prec@5 99.362 (99.270)
 * Prec@1 84.700 Prec@5 99.270	[Test] total_time: 0.497
Epoch: [39][10/49]	Time 0.118 (0.118)	Speed 8664.776 (8664.776)	Loss 0.2484530210 (0.2485)	Prec@1 91.895 (91.895)	Prec@5 99.805 (99.805)
Epoch: [39][20/49]	Time 0.067 (0.093)	Speed 15182.749 (11033.020)	Loss 0.2255053669 (0.2370)	Prec@1 92.773 (92.334)	Prec@5 99.902 (99.854)
Epoch: [39][30/49]	Time 0.067 (0.084)	Speed 15310.827 (12166.078)	Loss 0.2469117194 (0.2403)	Prec@1 90.820 (91.829)	Prec@5 99.805 (99.837)
Epoch: [39][40/49]	Time 0.069 (0.080)	Speed 14830.089 (12738.133)	Loss 0.2631579638 (0.2460)	Prec@1 91.895 (91.846)	Prec@5 99.902 (99.854)
[Training] Epoch:39 total_time: 3.845
Test: [10/10]	Time 0.055 (0.053)	Speed 18591.483 (19174.655)	Loss 0.4666 (0.4532)	Prec@1 85.332 (85.450)	Prec@5 99.745 (99.410)
 * Prec@1 85.450 Prec@5 99.410	[Test] total_time: 0.534
Epoch: [40][10/49]	Time 0.113 (0.113)	Speed 9082.176 (9082.176)	Loss 0.2194888145 (0.2195)	Prec@1 93.555 (93.555)	Prec@5 99.902 (99.902)
Epoch: [40][20/49]	Time 0.067 (0.090)	Speed 15353.179 (11412.993)	Loss 0.2576149702 (0.2386)	Prec@1 91.406 (92.480)	Prec@5 99.707 (99.805)
Epoch: [40][30/49]	Time 0.069 (0.083)	Speed 14859.000 (12369.188)	Loss 0.2184634209 (0.2319)	Prec@1 92.969 (92.643)	Prec@5 99.902 (99.837)
Epoch: [40][40/49]	Time 0.067 (0.079)	Speed 15343.542 (12999.162)	Loss 0.2279095054 (0.2309)	Prec@1 92.871 (92.700)	Prec@5 99.805 (99.829)
[Training] Epoch:40 total_time: 3.789
Test: [10/10]	Time 0.058 (0.052)	Speed 17785.280 (19522.162)	Loss 0.4783 (0.4656)	Prec@1 84.821 (84.780)	Prec@5 99.745 (99.350)
 * Prec@1 84.780 Prec@5 99.350	[Test] total_time: 0.525
Epoch: [41][10/49]	Time 0.113 (0.113)	Speed 9076.995 (9076.995)	Loss 0.2875800431 (0.2876)	Prec@1 90.625 (90.625)	Prec@5 99.316 (99.316)
Epoch: [41][20/49]	Time 0.067 (0.090)	Speed 15196.899 (11365.476)	Loss 0.2285301685 (0.2581)	Prec@1 91.797 (91.211)	Prec@5 99.805 (99.561)
Epoch: [41][30/49]	Time 0.066 (0.082)	Speed 15403.241 (12453.666)	Loss 0.2076362669 (0.2412)	Prec@1 93.066 (91.829)	Prec@5 99.902 (99.674)
Epoch: [41][40/49]	Time 0.066 (0.078)	Speed 15425.990 (13083.928)	Loss 0.2519102693 (0.2439)	Prec@1 91.309 (91.699)	Prec@5 99.707 (99.683)
[Training] Epoch:41 total_time: 3.776
Test: [10/10]	Time 0.076 (0.054)	Speed 13502.790 (19066.533)	Loss 0.5050 (0.4669)	Prec@1 83.291 (84.840)	Prec@5 99.490 (99.340)
 * Prec@1 84.840 Prec@5 99.340	[Test] total_time: 0.537
Epoch: [42][10/49]	Time 0.115 (0.115)	Speed 8869.316 (8869.316)	Loss 0.1975598484 (0.1976)	Prec@1 92.773 (92.773)	Prec@5 100.000 (100.000)
Epoch: [42][20/49]	Time 0.070 (0.093)	Speed 14555.116 (11022.161)	Loss 0.2583979666 (0.2280)	Prec@1 90.527 (91.650)	Prec@5 99.902 (99.951)
Epoch: [42][30/49]	Time 0.068 (0.085)	Speed 15063.871 (12104.748)	Loss 0.2498697490 (0.2353)	Prec@1 90.625 (91.309)	Prec@5 100.000 (99.967)
Epoch: [42][40/49]	Time 0.068 (0.080)	Speed 15153.506 (12745.837)	Loss 0.2324022949 (0.2346)	Prec@1 91.602 (91.382)	Prec@5 99.902 (99.951)
[Training] Epoch:42 total_time: 3.859
Test: [10/10]	Time 0.062 (0.051)	Speed 16577.381 (19956.404)	Loss 0.4907 (0.4614)	Prec@1 83.801 (85.140)	Prec@5 99.490 (99.330)
 * Prec@1 85.140 Prec@5 99.330	[Test] total_time: 0.513
Epoch: [43][10/49]	Time 0.117 (0.117)	Speed 8788.306 (8788.306)	Loss 0.2260786295 (0.2261)	Prec@1 92.480 (92.480)	Prec@5 99.805 (99.805)
Epoch: [43][20/49]	Time 0.070 (0.093)	Speed 14721.936 (11006.342)	Loss 0.2479380369 (0.2370)	Prec@1 91.211 (91.846)	Prec@5 99.707 (99.756)
Epoch: [43][30/49]	Time 0.070 (0.085)	Speed 14619.324 (11994.433)	Loss 0.2185846269 (0.2309)	Prec@1 92.578 (92.090)	Prec@5 99.805 (99.772)
Epoch: [43][40/49]	Time 0.066 (0.081)	Speed 15503.126 (12713.784)	Loss 0.2056568563 (0.2246)	Prec@1 92.188 (92.114)	Prec@5 99.805 (99.780)
[Training] Epoch:43 total_time: 3.846
Test: [10/10]	Time 0.069 (0.054)	Speed 14824.801 (18911.472)	Loss 0.4799 (0.4711)	Prec@1 84.949 (85.250)	Prec@5 99.872 (99.310)
 * Prec@1 85.250 Prec@5 99.310	[Test] total_time: 0.542
Epoch: [44][10/49]	Time 0.111 (0.111)	Speed 9203.000 (9203.000)	Loss 0.2419121265 (0.2419)	Prec@1 91.406 (91.406)	Prec@5 99.902 (99.902)
Epoch: [44][20/49]	Time 0.071 (0.091)	Speed 14339.381 (11210.873)	Loss 0.2312079966 (0.2366)	Prec@1 92.676 (92.041)	Prec@5 99.707 (99.805)
Epoch: [44][30/49]	Time 0.068 (0.084)	Speed 14950.119 (12230.554)	Loss 0.2411743999 (0.2381)	Prec@1 90.039 (91.374)	Prec@5 100.000 (99.870)
Epoch: [44][40/49]	Time 0.068 (0.080)	Speed 15139.148 (12847.639)	Loss 0.2312434167 (0.2364)	Prec@1 91.211 (91.333)	Prec@5 99.805 (99.854)
[Training] Epoch:44 total_time: 3.823
Test: [10/10]	Time 0.069 (0.049)	Speed 14815.494 (20717.568)	Loss 0.5023 (0.4637)	Prec@1 83.546 (85.110)	Prec@5 99.617 (99.380)
 * Prec@1 85.110 Prec@5 99.380	[Test] total_time: 0.495
Epoch: [45][10/49]	Time 0.109 (0.109)	Speed 9370.650 (9370.650)	Loss 0.2421118766 (0.2421)	Prec@1 91.016 (91.016)	Prec@5 99.805 (99.805)
Epoch: [45][20/49]	Time 0.067 (0.088)	Speed 15183.006 (11588.876)	Loss 0.2230268419 (0.2326)	Prec@1 92.090 (91.553)	Prec@5 99.902 (99.854)
Epoch: [45][30/49]	Time 0.067 (0.081)	Speed 15358.356 (12621.459)	Loss 0.2625525296 (0.2426)	Prec@1 91.504 (91.536)	Prec@5 99.805 (99.837)
Epoch: [45][40/49]	Time 0.069 (0.078)	Speed 14891.912 (13121.596)	Loss 0.2246048748 (0.2381)	Prec@1 91.992 (91.650)	Prec@5 99.805 (99.829)
[Training] Epoch:45 total_time: 3.747
Test: [10/10]	Time 0.055 (0.049)	Speed 18751.549 (21036.684)	Loss 0.5012 (0.4708)	Prec@1 83.929 (85.060)	Prec@5 99.872 (99.330)
 * Prec@1 85.060 Prec@5 99.330	[Test] total_time: 0.487
Epoch: [46][10/49]	Time 0.115 (0.115)	Speed 8898.388 (8898.388)	Loss 0.2116470188 (0.2116)	Prec@1 93.164 (93.164)	Prec@5 99.902 (99.902)
Epoch: [46][20/49]	Time 0.068 (0.092)	Speed 15041.550 (11181.779)	Loss 0.2356047630 (0.2236)	Prec@1 91.797 (92.480)	Prec@5 99.707 (99.805)
Epoch: [46][30/49]	Time 0.067 (0.083)	Speed 15334.590 (12291.331)	Loss 0.2139366865 (0.2204)	Prec@1 91.895 (92.285)	Prec@5 99.902 (99.837)
Epoch: [46][40/49]	Time 0.067 (0.079)	Speed 15315.845 (12929.656)	Loss 0.1986068040 (0.2149)	Prec@1 92.773 (92.407)	Prec@5 99.902 (99.854)
[Training] Epoch:46 total_time: 3.805
Test: [10/10]	Time 0.065 (0.054)	Speed 15727.239 (19003.717)	Loss 0.5288 (0.4936)	Prec@1 83.546 (84.470)	Prec@5 99.617 (99.350)
 * Prec@1 84.470 Prec@5 99.350	[Test] total_time: 0.539
Epoch: [47][10/49]	Time 0.116 (0.116)	Speed 8819.294 (8819.294)	Loss 0.1984442621 (0.1984)	Prec@1 92.773 (92.773)	Prec@5 99.902 (99.902)
Epoch: [47][20/49]	Time 0.068 (0.092)	Speed 15162.135 (11151.907)	Loss 0.2038282454 (0.2011)	Prec@1 92.871 (92.822)	Prec@5 99.902 (99.902)
Epoch: [47][30/49]	Time 0.068 (0.084)	Speed 15153.741 (12228.336)	Loss 0.1964273155 (0.1996)	Prec@1 93.652 (93.099)	Prec@5 99.902 (99.902)
Epoch: [47][40/49]	Time 0.069 (0.080)	Speed 14921.065 (12806.099)	Loss 0.1802897751 (0.1947)	Prec@1 92.871 (93.042)	Prec@5 99.902 (99.902)
[Training] Epoch:47 total_time: 3.826
Test: [10/10]	Time 0.068 (0.052)	Speed 15117.056 (19737.756)	Loss 0.5270 (0.4905)	Prec@1 83.291 (84.690)	Prec@5 99.745 (99.290)
 * Prec@1 84.690 Prec@5 99.290	[Test] total_time: 0.519
Epoch: [48][10/49]	Time 0.108 (0.108)	Speed 9500.671 (9500.671)	Loss 0.1998078972 (0.1998)	Prec@1 92.676 (92.676)	Prec@5 100.000 (100.000)
Epoch: [48][20/49]	Time 0.069 (0.088)	Speed 14843.815 (11585.884)	Loss 0.2151392400 (0.2075)	Prec@1 92.480 (92.578)	Prec@5 99.707 (99.854)
Epoch: [48][30/49]	Time 0.071 (0.082)	Speed 14495.676 (12416.708)	Loss 0.2140268385 (0.2097)	Prec@1 92.383 (92.513)	Prec@5 100.000 (99.902)
Epoch: [48][40/49]	Time 0.070 (0.079)	Speed 14550.520 (12889.255)	Loss 0.1952895820 (0.2061)	Prec@1 92.773 (92.578)	Prec@5 100.000 (99.927)
[Training] Epoch:48 total_time: 3.805
Test: [10/10]	Time 0.067 (0.053)	Speed 15379.155 (19303.024)	Loss 0.5452 (0.4831)	Prec@1 83.546 (85.180)	Prec@5 99.490 (99.330)
 * Prec@1 85.180 Prec@5 99.330	[Test] total_time: 0.531
Epoch: [49][10/49]	Time 0.111 (0.111)	Speed 9234.284 (9234.284)	Loss 0.2246728241 (0.2247)	Prec@1 91.797 (91.797)	Prec@5 99.902 (99.902)
Epoch: [49][20/49]	Time 0.068 (0.089)	Speed 15115.535 (11464.656)	Loss 0.1976144910 (0.2111)	Prec@1 93.750 (92.773)	Prec@5 99.805 (99.854)
Epoch: [49][30/49]	Time 0.066 (0.082)	Speed 15431.637 (12539.125)	Loss 0.1949874908 (0.2058)	Prec@1 93.066 (92.871)	Prec@5 99.805 (99.837)
Epoch: [49][40/49]	Time 0.068 (0.078)	Speed 15053.059 (13085.459)	Loss 0.2229477018 (0.2101)	Prec@1 92.578 (92.798)	Prec@5 99.805 (99.829)
[Training] Epoch:49 total_time: 3.771
Test: [10/10]	Time 0.064 (0.053)	Speed 16103.692 (19494.834)	Loss 0.5382 (0.4822)	Prec@1 84.949 (85.510)	Prec@5 99.617 (99.280)
 * Prec@1 85.510 Prec@5 99.280	[Test] total_time: 0.525
Epoch: [50][10/49]	Time 0.116 (0.116)	Speed 8834.491 (8834.491)	Loss 0.2144810557 (0.2145)	Prec@1 92.773 (92.773)	Prec@5 99.805 (99.805)
Epoch: [50][20/49]	Time 0.067 (0.091)	Speed 15283.814 (11196.866)	Loss 0.2131150663 (0.2138)	Prec@1 92.676 (92.725)	Prec@5 99.902 (99.854)
Epoch: [50][30/49]	Time 0.067 (0.083)	Speed 15271.945 (12289.997)	Loss 0.1756591797 (0.2011)	Prec@1 93.945 (93.132)	Prec@5 99.902 (99.870)
Epoch: [50][40/49]	Time 0.067 (0.079)	Speed 15397.526 (12943.038)	Loss 0.2079273015 (0.2028)	Prec@1 92.773 (93.042)	Prec@5 100.000 (99.902)
[Training] Epoch:50 total_time: 3.802
Test: [10/10]	Time 0.063 (0.053)	Speed 16126.911 (19265.922)	Loss 0.5371 (0.4877)	Prec@1 84.694 (85.100)	Prec@5 99.490 (99.250)
 * Prec@1 85.100 Prec@5 99.250	[Test] total_time: 0.532
Epoch: [51][10/49]	Time 0.118 (0.118)	Speed 8681.935 (8681.935)	Loss 0.2278935611 (0.2279)	Prec@1 91.992 (91.992)	Prec@5 99.805 (99.805)
Epoch: [51][20/49]	Time 0.066 (0.092)	Speed 15423.021 (11109.887)	Loss 0.1811436415 (0.2045)	Prec@1 93.750 (92.871)	Prec@5 99.805 (99.805)
Epoch: [51][30/49]	Time 0.066 (0.083)	Speed 15570.141 (12282.732)	Loss 0.1565701067 (0.1885)	Prec@1 94.434 (93.392)	Prec@5 100.000 (99.870)
Epoch: [51][40/49]	Time 0.066 (0.079)	Speed 15619.784 (12975.777)	Loss 0.1522032171 (0.1795)	Prec@1 93.457 (93.408)	Prec@5 100.000 (99.902)
[Training] Epoch:51 total_time: 3.788
Test: [10/10]	Time 0.072 (0.054)	Speed 14125.951 (19133.951)	Loss 0.5387 (0.4904)	Prec@1 84.184 (85.010)	Prec@5 99.872 (99.340)
 * Prec@1 85.010 Prec@5 99.340	[Test] total_time: 0.535
Epoch: [52][10/49]	Time 0.118 (0.118)	Speed 8663.987 (8663.987)	Loss 0.2165370882 (0.2165)	Prec@1 92.578 (92.578)	Prec@5 99.902 (99.902)
Epoch: [52][20/49]	Time 0.070 (0.094)	Speed 14709.538 (10904.923)	Loss 0.1893766820 (0.2030)	Prec@1 92.969 (92.773)	Prec@5 99.902 (99.902)
Epoch: [52][30/49]	Time 0.068 (0.085)	Speed 14978.926 (11992.140)	Loss 0.1769783944 (0.1943)	Prec@1 93.848 (93.132)	Prec@5 99.902 (99.902)
Epoch: [52][40/49]	Time 0.068 (0.081)	Speed 15129.251 (12647.782)	Loss 0.1729806662 (0.1890)	Prec@1 92.773 (93.042)	Prec@5 100.000 (99.927)
[Training] Epoch:52 total_time: 3.882
Test: [10/10]	Time 0.058 (0.058)	Speed 17599.873 (17617.170)	Loss 0.5294 (0.5006)	Prec@1 84.821 (85.160)	Prec@5 99.745 (99.250)
 * Prec@1 85.160 Prec@5 99.250	[Test] total_time: 0.582
Epoch: [53][10/49]	Time 0.114 (0.114)	Speed 8971.447 (8971.447)	Loss 0.2015602291 (0.2016)	Prec@1 92.773 (92.773)	Prec@5 99.902 (99.902)
Epoch: [53][20/49]	Time 0.068 (0.091)	Speed 15135.046 (11265.286)	Loss 0.2012077421 (0.2014)	Prec@1 93.164 (92.969)	Prec@5 100.000 (99.951)
Epoch: [53][30/49]	Time 0.068 (0.083)	Speed 14971.731 (12278.521)	Loss 0.1768970042 (0.1932)	Prec@1 93.945 (93.294)	Prec@5 99.902 (99.935)
Epoch: [53][40/49]	Time 0.067 (0.079)	Speed 15239.065 (12905.310)	Loss 0.1823665500 (0.1905)	Prec@1 93.750 (93.408)	Prec@5 100.000 (99.951)
[Training] Epoch:53 total_time: 3.814
Test: [10/10]	Time 0.064 (0.052)	Speed 16060.636 (19760.995)	Loss 0.5502 (0.4903)	Prec@1 83.801 (85.200)	Prec@5 99.617 (99.330)
 * Prec@1 85.200 Prec@5 99.330	[Test] total_time: 0.518
Epoch: [54][10/49]	Time 0.116 (0.116)	Speed 8804.309 (8804.309)	Loss 0.1758504808 (0.1759)	Prec@1 93.848 (93.848)	Prec@5 99.902 (99.902)
Epoch: [54][20/49]	Time 0.068 (0.092)	Speed 15029.565 (11103.938)	Loss 0.1725446284 (0.1742)	Prec@1 94.434 (94.141)	Prec@5 99.805 (99.854)
Epoch: [54][30/49]	Time 0.068 (0.084)	Speed 15160.069 (12191.205)	Loss 0.1665143222 (0.1716)	Prec@1 94.824 (94.368)	Prec@5 100.000 (99.902)
Epoch: [54][40/49]	Time 0.068 (0.080)	Speed 15016.833 (12793.001)	Loss 0.1905211508 (0.1764)	Prec@1 93.750 (94.214)	Prec@5 99.902 (99.902)
[Training] Epoch:54 total_time: 3.833
Test: [10/10]	Time 0.075 (0.051)	Speed 13628.068 (19908.939)	Loss 0.5693 (0.5054)	Prec@1 83.163 (84.900)	Prec@5 99.617 (99.260)
 * Prec@1 84.900 Prec@5 99.260	[Test] total_time: 0.515
Epoch: [55][10/49]	Time 0.116 (0.116)	Speed 8823.743 (8823.743)	Loss 0.1770782918 (0.1771)	Prec@1 94.043 (94.043)	Prec@5 100.000 (100.000)
Epoch: [55][20/49]	Time 0.067 (0.092)	Speed 15246.476 (11178.210)	Loss 0.2059218585 (0.1915)	Prec@1 92.480 (93.262)	Prec@5 99.902 (99.951)
Epoch: [55][30/49]	Time 0.069 (0.084)	Speed 14918.992 (12197.691)	Loss 0.1755524576 (0.1862)	Prec@1 93.262 (93.262)	Prec@5 100.000 (99.967)
Epoch: [55][40/49]	Time 0.068 (0.080)	Speed 15009.701 (12797.061)	Loss 0.1864251792 (0.1862)	Prec@1 93.164 (93.237)	Prec@5 100.000 (99.976)
[Training] Epoch:55 total_time: 3.840
Test: [10/10]	Time 0.055 (0.051)	Speed 18719.593 (20121.721)	Loss 0.5590 (0.5087)	Prec@1 83.673 (84.950)	Prec@5 99.362 (99.240)
 * Prec@1 84.950 Prec@5 99.240	[Test] total_time: 0.509
Epoch: [56][10/49]	Time 0.111 (0.111)	Speed 9223.625 (9223.625)	Loss 0.1915538609 (0.1916)	Prec@1 93.750 (93.750)	Prec@5 100.000 (100.000)
Epoch: [56][20/49]	Time 0.066 (0.089)	Speed 15428.400 (11545.159)	Loss 0.2098963112 (0.2007)	Prec@1 91.699 (92.725)	Prec@5 100.000 (100.000)
Epoch: [56][30/49]	Time 0.066 (0.081)	Speed 15457.785 (12609.010)	Loss 0.1885621697 (0.1967)	Prec@1 94.238 (93.229)	Prec@5 99.805 (99.935)
Epoch: [56][40/49]	Time 0.070 (0.078)	Speed 14710.031 (13075.916)	Loss 0.1604214609 (0.1876)	Prec@1 94.531 (93.555)	Prec@5 100.000 (99.951)
[Training] Epoch:56 total_time: 3.780
Test: [10/10]	Time 0.068 (0.051)	Speed 15084.987 (20063.312)	Loss 0.5696 (0.5246)	Prec@1 82.781 (84.890)	Prec@5 99.745 (99.170)
 * Prec@1 84.890 Prec@5 99.170	[Test] total_time: 0.511
Epoch: [57][10/49]	Time 0.112 (0.112)	Speed 9138.166 (9138.166)	Loss 0.1694674492 (0.1695)	Prec@1 94.238 (94.238)	Prec@5 99.902 (99.902)
Epoch: [57][20/49]	Time 0.068 (0.090)	Speed 15021.733 (11363.548)	Loss 0.1925404370 (0.1810)	Prec@1 94.141 (94.189)	Prec@5 100.000 (99.951)
Epoch: [57][30/49]	Time 0.073 (0.084)	Speed 14039.874 (12134.593)	Loss 0.1547095776 (0.1722)	Prec@1 94.727 (94.368)	Prec@5 100.000 (99.967)
Epoch: [57][40/49]	Time 0.068 (0.080)	Speed 15149.348 (12769.903)	Loss 0.1931252629 (0.1775)	Prec@1 93.262 (94.092)	Prec@5 100.000 (99.976)
[Training] Epoch:57 total_time: 3.854
Test: [10/10]	Time 0.051 (0.053)	Speed 20053.074 (19428.070)	Loss 0.5528 (0.5349)	Prec@1 82.526 (84.160)	Prec@5 99.490 (99.330)
 * Prec@1 84.160 Prec@5 99.330	[Test] total_time: 0.527
Epoch: [58][10/49]	Time 0.110 (0.110)	Speed 9338.814 (9338.814)	Loss 0.1845887750 (0.1846)	Prec@1 93.457 (93.457)	Prec@5 99.902 (99.902)
Epoch: [58][20/49]	Time 0.071 (0.090)	Speed 14508.995 (11363.460)	Loss 0.1447529942 (0.1647)	Prec@1 94.824 (94.141)	Prec@5 100.000 (99.951)
Epoch: [58][30/49]	Time 0.067 (0.082)	Speed 15362.971 (12443.263)	Loss 0.2008417845 (0.1767)	Prec@1 92.383 (93.555)	Prec@5 99.805 (99.902)
Epoch: [58][40/49]	Time 0.068 (0.079)	Speed 15021.481 (13001.126)	Loss 0.1706937551 (0.1752)	Prec@1 93.848 (93.628)	Prec@5 100.000 (99.927)
[Training] Epoch:58 total_time: 3.793
Test: [10/10]	Time 0.063 (0.051)	Speed 16287.447 (20175.049)	Loss 0.5902 (0.5535)	Prec@1 83.036 (84.140)	Prec@5 99.872 (99.280)
 * Prec@1 84.140 Prec@5 99.280	[Test] total_time: 0.508
Epoch: [59][10/49]	Time 0.117 (0.117)	Speed 8767.068 (8767.068)	Loss 0.1788923442 (0.1789)	Prec@1 93.652 (93.652)	Prec@5 99.902 (99.902)
Epoch: [59][20/49]	Time 0.068 (0.093)	Speed 14975.030 (11059.436)	Loss 0.1994809806 (0.1892)	Prec@1 92.578 (93.115)	Prec@5 100.000 (99.951)
Epoch: [59][30/49]	Time 0.068 (0.084)	Speed 14991.667 (12119.020)	Loss 0.1596407294 (0.1793)	Prec@1 94.629 (93.620)	Prec@5 100.000 (99.967)
Epoch: [59][40/49]	Time 0.069 (0.081)	Speed 14796.456 (12693.234)	Loss 0.2000313252 (0.1845)	Prec@1 93.457 (93.579)	Prec@5 99.902 (99.951)
[Training] Epoch:59 total_time: 3.865
Test: [10/10]	Time 0.058 (0.053)	Speed 17703.394 (19246.151)	Loss 0.5424 (0.5042)	Prec@1 84.439 (85.460)	Prec@5 99.872 (99.390)
 * Prec@1 85.460 Prec@5 99.390	[Test] total_time: 0.532
Epoch: [60][10/49]	Time 0.118 (0.118)	Speed 8677.208 (8677.208)	Loss 0.1121724844 (0.1122)	Prec@1 96.777 (96.777)	Prec@5 100.000 (100.000)
Epoch: [60][20/49]	Time 0.069 (0.094)	Speed 14800.306 (10940.284)	Loss 0.1433902979 (0.1278)	Prec@1 95.410 (96.094)	Prec@5 100.000 (100.000)
Epoch: [60][30/49]	Time 0.069 (0.085)	Speed 14876.690 (11998.567)	Loss 0.1526356190 (0.1361)	Prec@1 94.043 (95.410)	Prec@5 99.902 (99.967)
Epoch: [60][40/49]	Time 0.068 (0.081)	Speed 14990.485 (12628.700)	Loss 0.1145693064 (0.1307)	Prec@1 95.801 (95.508)	Prec@5 100.000 (99.976)
[Training] Epoch:60 total_time: 3.880
Test: [10/10]	Time 0.064 (0.053)	Speed 15959.420 (19356.099)	Loss 0.5250 (0.4931)	Prec@1 85.459 (85.750)	Prec@5 99.872 (99.410)
 * Prec@1 85.750 Prec@5 99.410	[Test] total_time: 0.529
Epoch: [61][10/49]	Time 0.108 (0.108)	Speed 9525.232 (9525.232)	Loss 0.1487857997 (0.1488)	Prec@1 95.215 (95.215)	Prec@5 99.902 (99.902)
Epoch: [61][20/49]	Time 0.069 (0.088)	Speed 14889.934 (11618.195)	Loss 0.1342289895 (0.1415)	Prec@1 95.410 (95.312)	Prec@5 99.902 (99.902)
Epoch: [61][30/49]	Time 0.068 (0.081)	Speed 15122.315 (12590.694)	Loss 0.1435447484 (0.1422)	Prec@1 94.922 (95.182)	Prec@5 100.000 (99.935)
Epoch: [61][40/49]	Time 0.074 (0.080)	Speed 13751.200 (12862.061)	Loss 0.1218246371 (0.1371)	Prec@1 95.996 (95.386)	Prec@5 99.902 (99.927)
[Training] Epoch:61 total_time: 3.823
Test: [10/10]	Time 0.060 (0.053)	Speed 17110.878 (19275.597)	Loss 0.5400 (0.5022)	Prec@1 85.459 (85.900)	Prec@5 99.872 (99.390)
 * Prec@1 85.900 Prec@5 99.390	[Test] total_time: 0.531
Epoch: [62][10/49]	Time 0.117 (0.117)	Speed 8768.799 (8768.799)	Loss 0.1526440382 (0.1526)	Prec@1 95.020 (95.020)	Prec@5 99.805 (99.805)
Epoch: [62][20/49]	Time 0.070 (0.094)	Speed 14581.964 (10951.789)	Loss 0.1239392310 (0.1383)	Prec@1 95.410 (95.215)	Prec@5 100.000 (99.902)
Epoch: [62][30/49]	Time 0.068 (0.085)	Speed 15158.993 (12068.257)	Loss 0.1237597764 (0.1334)	Prec@1 95.801 (95.410)	Prec@5 100.000 (99.935)
Epoch: [62][40/49]	Time 0.068 (0.081)	Speed 15164.672 (12717.438)	Loss 0.1293939054 (0.1324)	Prec@1 94.922 (95.288)	Prec@5 99.902 (99.927)
[Training] Epoch:62 total_time: 3.864
Test: [10/10]	Time 0.059 (0.050)	Speed 17236.889 (20489.936)	Loss 0.5470 (0.5125)	Prec@1 85.204 (85.730)	Prec@5 99.872 (99.360)
 * Prec@1 85.730 Prec@5 99.360	[Test] total_time: 0.500
Epoch: [63][10/49]	Time 0.119 (0.119)	Speed 8577.941 (8577.941)	Loss 0.1183516085 (0.1184)	Prec@1 95.312 (95.312)	Prec@5 100.000 (100.000)
Epoch: [63][20/49]	Time 0.068 (0.094)	Speed 15107.650 (10942.731)	Loss 0.1129180938 (0.1156)	Prec@1 96.094 (95.703)	Prec@5 100.000 (100.000)
Epoch: [63][30/49]	Time 0.066 (0.084)	Speed 15484.050 (12128.449)	Loss 0.1424818188 (0.1246)	Prec@1 94.824 (95.410)	Prec@5 100.000 (100.000)
Epoch: [63][40/49]	Time 0.066 (0.080)	Speed 15414.884 (12811.287)	Loss 0.1162093282 (0.1225)	Prec@1 95.898 (95.532)	Prec@5 100.000 (100.000)
[Training] Epoch:63 total_time: 3.842
Test: [10/10]	Time 0.059 (0.050)	Speed 17242.978 (20418.991)	Loss 0.5520 (0.5149)	Prec@1 85.077 (85.790)	Prec@5 99.745 (99.350)
 * Prec@1 85.790 Prec@5 99.350	[Test] total_time: 0.502
Epoch: [64][10/49]	Time 0.108 (0.108)	Speed 9524.753 (9524.753)	Loss 0.1187050343 (0.1187)	Prec@1 95.508 (95.508)	Prec@5 99.902 (99.902)
Epoch: [64][20/49]	Time 0.067 (0.087)	Speed 15335.362 (11750.994)	Loss 0.1183933318 (0.1185)	Prec@1 95.801 (95.654)	Prec@5 100.000 (99.951)
Epoch: [64][30/49]	Time 0.066 (0.080)	Speed 15450.590 (12770.261)	Loss 0.1319769919 (0.1230)	Prec@1 94.629 (95.312)	Prec@5 100.000 (99.967)
Epoch: [64][40/49]	Time 0.068 (0.077)	Speed 15133.030 (13288.973)	Loss 0.1165505275 (0.1214)	Prec@1 95.898 (95.459)	Prec@5 100.000 (99.976)
[Training] Epoch:64 total_time: 3.717
Test: [10/10]	Time 0.051 (0.048)	Speed 20182.832 (21469.061)	Loss 0.5536 (0.5214)	Prec@1 85.842 (85.890)	Prec@5 99.745 (99.350)
 * Prec@1 85.890 Prec@5 99.350	[Test] total_time: 0.477
Epoch: [65][10/49]	Time 0.115 (0.115)	Speed 8917.231 (8917.231)	Loss 0.1221617162 (0.1222)	Prec@1 95.605 (95.605)	Prec@5 100.000 (100.000)
Epoch: [65][20/49]	Time 0.068 (0.091)	Speed 15083.535 (11208.256)	Loss 0.1081287190 (0.1151)	Prec@1 96.387 (95.996)	Prec@5 100.000 (100.000)
Epoch: [65][30/49]	Time 0.066 (0.083)	Speed 15442.079 (12335.627)	Loss 0.1313131452 (0.1205)	Prec@1 95.605 (95.866)	Prec@5 100.000 (100.000)
Epoch: [65][40/49]	Time 0.066 (0.079)	Speed 15453.542 (12990.889)	Loss 0.1074209139 (0.1173)	Prec@1 95.898 (95.874)	Prec@5 100.000 (100.000)
[Training] Epoch:65 total_time: 3.796
Test: [10/10]	Time 0.060 (0.051)	Speed 17025.482 (19906.946)	Loss 0.5585 (0.5251)	Prec@1 85.204 (85.760)	Prec@5 99.745 (99.330)
 * Prec@1 85.760 Prec@5 99.330	[Test] total_time: 0.515
Epoch: [66][10/49]	Time 0.115 (0.115)	Speed 8902.981 (8902.981)	Loss 0.1133773103 (0.1134)	Prec@1 95.801 (95.801)	Prec@5 100.000 (100.000)
Epoch: [66][20/49]	Time 0.069 (0.092)	Speed 14941.948 (11157.750)	Loss 0.1312906891 (0.1223)	Prec@1 95.801 (95.801)	Prec@5 100.000 (100.000)
Epoch: [66][30/49]	Time 0.066 (0.083)	Speed 15506.103 (12308.281)	Loss 0.1201267540 (0.1216)	Prec@1 95.410 (95.671)	Prec@5 100.000 (100.000)
Epoch: [66][40/49]	Time 0.066 (0.079)	Speed 15537.657 (12982.877)	Loss 0.1405158639 (0.1263)	Prec@1 94.824 (95.459)	Prec@5 100.000 (100.000)
[Training] Epoch:66 total_time: 3.776
Test: [10/10]	Time 0.078 (0.049)	Speed 13150.140 (20687.441)	Loss 0.5706 (0.5246)	Prec@1 84.184 (85.710)	Prec@5 99.745 (99.310)
 * Prec@1 85.710 Prec@5 99.310	[Test] total_time: 0.495
Epoch: [67][10/49]	Time 0.116 (0.116)	Speed 8841.769 (8841.769)	Loss 0.1219890788 (0.1220)	Prec@1 95.703 (95.703)	Prec@5 100.000 (100.000)
Epoch: [67][20/49]	Time 0.066 (0.091)	Speed 15399.839 (11233.729)	Loss 0.1071775854 (0.1146)	Prec@1 96.191 (95.947)	Prec@5 100.000 (100.000)
Epoch: [67][30/49]	Time 0.068 (0.083)	Speed 15121.580 (12286.726)	Loss 0.0854909196 (0.1049)	Prec@1 97.363 (96.419)	Prec@5 100.000 (100.000)
Epoch: [67][40/49]	Time 0.067 (0.079)	Speed 15276.633 (12918.837)	Loss 0.1609906703 (0.1189)	Prec@1 94.531 (95.947)	Prec@5 100.000 (100.000)
[Training] Epoch:67 total_time: 3.819
Test: [10/10]	Time 0.073 (0.053)	Speed 14063.094 (19350.936)	Loss 0.5769 (0.5293)	Prec@1 84.311 (85.680)	Prec@5 99.745 (99.290)
 * Prec@1 85.680 Prec@5 99.290	[Test] total_time: 0.530
Epoch: [68][10/49]	Time 0.117 (0.117)	Speed 8750.335 (8750.335)	Loss 0.1322322786 (0.1322)	Prec@1 95.605 (95.605)	Prec@5 99.902 (99.902)
Epoch: [68][20/49]	Time 0.067 (0.092)	Speed 15259.476 (11122.581)	Loss 0.1044723392 (0.1184)	Prec@1 95.801 (95.703)	Prec@5 100.000 (99.951)
Epoch: [68][30/49]	Time 0.067 (0.084)	Speed 15273.406 (12230.538)	Loss 0.1078021601 (0.1148)	Prec@1 96.484 (95.964)	Prec@5 100.000 (99.967)
Epoch: [68][40/49]	Time 0.066 (0.079)	Speed 15452.997 (12903.224)	Loss 0.1022730842 (0.1117)	Prec@1 96.191 (96.021)	Prec@5 100.000 (99.976)
[Training] Epoch:68 total_time: 3.825
Test: [10/10]	Time 0.067 (0.051)	Speed 15216.783 (20184.189)	Loss 0.5749 (0.5275)	Prec@1 84.694 (85.770)	Prec@5 99.617 (99.340)
 * Prec@1 85.770 Prec@5 99.340	[Test] total_time: 0.508
Epoch: [69][10/49]	Time 0.117 (0.117)	Speed 8738.613 (8738.613)	Loss 0.1180993915 (0.1181)	Prec@1 95.703 (95.703)	Prec@5 100.000 (100.000)
Epoch: [69][20/49]	Time 0.072 (0.095)	Speed 14186.144 (10815.140)	Loss 0.1293023676 (0.1237)	Prec@1 95.117 (95.410)	Prec@5 100.000 (100.000)
Epoch: [69][30/49]	Time 0.070 (0.086)	Speed 14680.000 (11855.560)	Loss 0.1173055023 (0.1216)	Prec@1 96.387 (95.736)	Prec@5 99.902 (99.967)
Epoch: [69][40/49]	Time 0.069 (0.082)	Speed 14797.501 (12475.641)	Loss 0.0931231678 (0.1145)	Prec@1 96.387 (95.898)	Prec@5 100.000 (99.976)
[Training] Epoch:69 total_time: 3.933
Test: [10/10]	Time 0.061 (0.052)	Speed 16711.220 (19522.357)	Loss 0.5798 (0.5297)	Prec@1 83.929 (85.600)	Prec@5 99.617 (99.330)
 * Prec@1 85.600 Prec@5 99.330	[Test] total_time: 0.525
Epoch: [70][10/49]	Time 0.114 (0.114)	Speed 8990.949 (8990.949)	Loss 0.1106775254 (0.1107)	Prec@1 95.898 (95.898)	Prec@5 100.000 (100.000)
Epoch: [70][20/49]	Time 0.067 (0.091)	Speed 15239.762 (11309.608)	Loss 0.1273120642 (0.1190)	Prec@1 95.215 (95.557)	Prec@5 100.000 (100.000)
Epoch: [70][30/49]	Time 0.066 (0.082)	Speed 15437.706 (12416.332)	Loss 0.1307710409 (0.1229)	Prec@1 95.508 (95.540)	Prec@5 100.000 (100.000)
Epoch: [70][40/49]	Time 0.067 (0.079)	Speed 15372.335 (13043.371)	Loss 0.1058929637 (0.1187)	Prec@1 96.094 (95.679)	Prec@5 100.000 (100.000)
[Training] Epoch:70 total_time: 3.771
Test: [10/10]	Time 0.057 (0.049)	Speed 17880.722 (20712.902)	Loss 0.5837 (0.5313)	Prec@1 84.439 (85.860)	Prec@5 99.617 (99.300)
 * Prec@1 85.860 Prec@5 99.300	[Test] total_time: 0.495
Epoch: [71][10/49]	Time 0.113 (0.113)	Speed 9086.388 (9086.388)	Loss 0.1124406978 (0.1124)	Prec@1 95.605 (95.605)	Prec@5 100.000 (100.000)
Epoch: [71][20/49]	Time 0.067 (0.090)	Speed 15378.758 (11423.382)	Loss 0.1114299893 (0.1119)	Prec@1 96.191 (95.898)	Prec@5 100.000 (100.000)
Epoch: [71][30/49]	Time 0.066 (0.082)	Speed 15505.101 (12522.206)	Loss 0.1150399819 (0.1130)	Prec@1 95.508 (95.768)	Prec@5 99.902 (99.967)
Epoch: [71][40/49]	Time 0.066 (0.078)	Speed 15401.943 (13136.234)	Loss 0.1152072176 (0.1135)	Prec@1 95.801 (95.776)	Prec@5 100.000 (99.976)
[Training] Epoch:71 total_time: 3.763
Test: [10/10]	Time 0.062 (0.050)	Speed 16630.336 (20325.193)	Loss 0.5890 (0.5369)	Prec@1 84.056 (85.770)	Prec@5 99.745 (99.350)
 * Prec@1 85.770 Prec@5 99.350	[Test] total_time: 0.504
Epoch: [72][10/49]	Time 0.115 (0.115)	Speed 8877.694 (8877.694)	Loss 0.0910419300 (0.0910)	Prec@1 96.875 (96.875)	Prec@5 100.000 (100.000)
Epoch: [72][20/49]	Time 0.075 (0.095)	Speed 13732.962 (10784.034)	Loss 0.1452185065 (0.1181)	Prec@1 94.727 (95.801)	Prec@5 99.902 (99.951)
Epoch: [72][30/49]	Time 0.068 (0.086)	Speed 14979.380 (11894.482)	Loss 0.0884846151 (0.1082)	Prec@1 96.484 (96.029)	Prec@5 100.000 (99.967)
Epoch: [72][40/49]	Time 0.066 (0.081)	Speed 15442.013 (12619.244)	Loss 0.1217262074 (0.1116)	Prec@1 95.801 (95.972)	Prec@5 99.902 (99.951)
[Training] Epoch:72 total_time: 3.870
Test: [10/10]	Time 0.067 (0.053)	Speed 15396.797 (19180.914)	Loss 0.5924 (0.5406)	Prec@1 84.694 (86.020)	Prec@5 99.872 (99.340)
 * Prec@1 86.020 Prec@5 99.340	[Test] total_time: 0.534
Epoch: [73][10/49]	Time 0.110 (0.110)	Speed 9319.747 (9319.747)	Loss 0.1263825893 (0.1264)	Prec@1 95.703 (95.703)	Prec@5 100.000 (100.000)
Epoch: [73][20/49]	Time 0.067 (0.088)	Speed 15343.432 (11595.983)	Loss 0.1109109670 (0.1186)	Prec@1 95.898 (95.801)	Prec@5 100.000 (100.000)
Epoch: [73][30/49]	Time 0.069 (0.082)	Speed 14905.592 (12522.832)	Loss 0.0906374305 (0.1093)	Prec@1 96.973 (96.191)	Prec@5 100.000 (100.000)
Epoch: [73][40/49]	Time 0.069 (0.079)	Speed 14810.896 (13025.909)	Loss 0.1225178242 (0.1126)	Prec@1 95.508 (96.021)	Prec@5 99.902 (99.976)
[Training] Epoch:73 total_time: 3.777
Test: [10/10]	Time 0.069 (0.054)	Speed 14841.143 (19083.621)	Loss 0.5903 (0.5361)	Prec@1 83.546 (85.670)	Prec@5 99.617 (99.330)
 * Prec@1 85.670 Prec@5 99.330	[Test] total_time: 0.537
Epoch: [74][10/49]	Time 0.110 (0.110)	Speed 9316.236 (9316.236)	Loss 0.1063618213 (0.1064)	Prec@1 96.191 (96.191)	Prec@5 99.902 (99.902)
Epoch: [74][20/49]	Time 0.068 (0.089)	Speed 14997.300 (11493.053)	Loss 0.0915178359 (0.0989)	Prec@1 96.875 (96.533)	Prec@5 99.902 (99.902)
Epoch: [74][30/49]	Time 0.069 (0.082)	Speed 14858.270 (12431.588)	Loss 0.1144281179 (0.1041)	Prec@1 95.996 (96.354)	Prec@5 100.000 (99.935)
Epoch: [74][40/49]	Time 0.068 (0.079)	Speed 15023.940 (12992.025)	Loss 0.0876754075 (0.1000)	Prec@1 97.266 (96.582)	Prec@5 100.000 (99.951)
[Training] Epoch:74 total_time: 3.809
Test: [10/10]	Time 0.073 (0.060)	Speed 13943.975 (17178.083)	Loss 0.5889 (0.5424)	Prec@1 84.311 (85.790)	Prec@5 99.617 (99.310)
 * Prec@1 85.790 Prec@5 99.310	[Test] total_time: 0.596
Epoch: [75][10/49]	Time 0.119 (0.119)	Speed 8605.459 (8605.459)	Loss 0.1342789084 (0.1343)	Prec@1 95.312 (95.312)	Prec@5 99.902 (99.902)
Epoch: [75][20/49]	Time 0.070 (0.095)	Speed 14553.913 (10815.759)	Loss 0.1209317744 (0.1276)	Prec@1 95.996 (95.654)	Prec@5 100.000 (99.951)
Epoch: [75][30/49]	Time 0.067 (0.085)	Speed 15395.070 (12006.185)	Loss 0.0941985548 (0.1165)	Prec@1 96.484 (95.931)	Prec@5 100.000 (99.967)
Epoch: [75][40/49]	Time 0.070 (0.081)	Speed 14716.125 (12585.586)	Loss 0.1260019839 (0.1189)	Prec@1 95.801 (95.898)	Prec@5 99.805 (99.927)
[Training] Epoch:75 total_time: 3.923
Test: [10/10]	Time 0.073 (0.054)	Speed 14083.107 (19078.238)	Loss 0.5884 (0.5450)	Prec@1 84.184 (85.700)	Prec@5 99.745 (99.260)
 * Prec@1 85.700 Prec@5 99.260	[Test] total_time: 0.537
Epoch: [76][10/49]	Time 0.117 (0.117)	Speed 8774.463 (8774.463)	Loss 0.0864000693 (0.0864)	Prec@1 96.582 (96.582)	Prec@5 100.000 (100.000)
Epoch: [76][20/49]	Time 0.068 (0.092)	Speed 15085.411 (11095.313)	Loss 0.0876167417 (0.0870)	Prec@1 97.266 (96.924)	Prec@5 99.902 (99.951)
Epoch: [76][30/49]	Time 0.074 (0.086)	Speed 13804.236 (11871.887)	Loss 0.1073299572 (0.0938)	Prec@1 96.191 (96.680)	Prec@5 99.805 (99.902)
Epoch: [76][40/49]	Time 0.071 (0.082)	Speed 14470.349 (12429.901)	Loss 0.1097581163 (0.0978)	Prec@1 95.898 (96.484)	Prec@5 100.000 (99.927)
[Training] Epoch:76 total_time: 3.920
Test: [10/10]	Time 0.066 (0.052)	Speed 15501.548 (19703.899)	Loss 0.6079 (0.5529)	Prec@1 84.694 (85.740)	Prec@5 99.745 (99.290)
 * Prec@1 85.740 Prec@5 99.290	[Test] total_time: 0.520
Epoch: [77][10/49]	Time 0.116 (0.116)	Speed 8836.598 (8836.598)	Loss 0.0912948027 (0.0913)	Prec@1 97.070 (97.070)	Prec@5 100.000 (100.000)
Epoch: [77][20/49]	Time 0.070 (0.093)	Speed 14563.067 (10999.129)	Loss 0.1402452886 (0.1158)	Prec@1 95.215 (96.143)	Prec@5 100.000 (100.000)
Epoch: [77][30/49]	Time 0.066 (0.084)	Speed 15403.037 (12157.816)	Loss 0.0800312907 (0.1039)	Prec@1 97.266 (96.517)	Prec@5 100.000 (100.000)
Epoch: [77][40/49]	Time 0.069 (0.080)	Speed 14847.053 (12734.462)	Loss 0.0919055641 (0.1009)	Prec@1 96.875 (96.606)	Prec@5 100.000 (100.000)
[Training] Epoch:77 total_time: 3.850
Test: [10/10]	Time 0.066 (0.053)	Speed 15407.844 (19343.301)	Loss 0.5916 (0.5477)	Prec@1 85.204 (85.930)	Prec@5 99.745 (99.270)
 * Prec@1 85.930 Prec@5 99.270	[Test] total_time: 0.530
Epoch: [78][10/49]	Time 0.114 (0.114)	Speed 8983.962 (8983.962)	Loss 0.0990808532 (0.0991)	Prec@1 96.094 (96.094)	Prec@5 100.000 (100.000)
Epoch: [78][20/49]	Time 0.067 (0.090)	Speed 15345.345 (11332.998)	Loss 0.1192483306 (0.1092)	Prec@1 95.410 (95.752)	Prec@5 100.000 (100.000)
Epoch: [78][30/49]	Time 0.068 (0.083)	Speed 15033.011 (12345.878)	Loss 0.0889747292 (0.1024)	Prec@1 96.973 (96.159)	Prec@5 100.000 (100.000)
Epoch: [78][40/49]	Time 0.066 (0.079)	Speed 15509.821 (13009.342)	Loss 0.0913149565 (0.0997)	Prec@1 96.875 (96.338)	Prec@5 100.000 (100.000)
[Training] Epoch:78 total_time: 3.784
Test: [10/10]	Time 0.067 (0.053)	Speed 15177.850 (19192.597)	Loss 0.5998 (0.5547)	Prec@1 84.311 (85.750)	Prec@5 99.745 (99.250)
 * Prec@1 85.750 Prec@5 99.250	[Test] total_time: 0.534
Epoch: [79][10/49]	Time 0.115 (0.115)	Speed 8931.015 (8931.015)	Loss 0.0909274966 (0.0909)	Prec@1 96.875 (96.875)	Prec@5 100.000 (100.000)
Epoch: [79][20/49]	Time 0.067 (0.091)	Speed 15291.792 (11276.251)	Loss 0.1109498143 (0.1009)	Prec@1 96.094 (96.484)	Prec@5 100.000 (100.000)
Epoch: [79][30/49]	Time 0.066 (0.083)	Speed 15420.844 (12385.885)	Loss 0.1165124774 (0.1061)	Prec@1 95.605 (96.191)	Prec@5 99.902 (99.967)
Epoch: [79][40/49]	Time 0.066 (0.078)	Speed 15548.125 (13049.394)	Loss 0.0991774499 (0.1044)	Prec@1 96.387 (96.240)	Prec@5 100.000 (99.976)
[Training] Epoch:79 total_time: 3.778
Test: [10/10]	Time 0.063 (0.050)	Speed 16330.053 (20371.564)	Loss 0.6081 (0.5565)	Prec@1 83.546 (85.680)	Prec@5 99.872 (99.330)
 * Prec@1 85.680 Prec@5 99.330	[Test] total_time: 0.503
Epoch: [80][10/49]	Time 0.115 (0.115)	Speed 8935.097 (8935.097)	Loss 0.0680646375 (0.0681)	Prec@1 97.168 (97.168)	Prec@5 100.000 (100.000)
Epoch: [80][20/49]	Time 0.068 (0.091)	Speed 14999.647 (11199.059)	Loss 0.1208420470 (0.0945)	Prec@1 95.020 (96.094)	Prec@5 100.000 (100.000)
Epoch: [80][30/49]	Time 0.066 (0.083)	Speed 15412.195 (12321.841)	Loss 0.1019059494 (0.0969)	Prec@1 95.801 (95.996)	Prec@5 100.000 (100.000)
Epoch: [80][40/49]	Time 0.066 (0.079)	Speed 15470.859 (12982.470)	Loss 0.1137433499 (0.1011)	Prec@1 96.094 (96.021)	Prec@5 99.902 (99.976)
[Training] Epoch:80 total_time: 3.790
Test: [10/10]	Time 0.071 (0.051)	Speed 14461.656 (20098.417)	Loss 0.6121 (0.5576)	Prec@1 83.673 (85.780)	Prec@5 99.617 (99.290)
 * Prec@1 85.780 Prec@5 99.290	[Test] total_time: 0.510
Epoch: [81][10/49]	Time 0.111 (0.111)	Speed 9218.765 (9218.765)	Loss 0.1231895983 (0.1232)	Prec@1 95.898 (95.898)	Prec@5 100.000 (100.000)
Epoch: [81][20/49]	Time 0.070 (0.090)	Speed 14657.146 (11318.587)	Loss 0.0942935795 (0.1087)	Prec@1 96.289 (96.094)	Prec@5 99.902 (99.951)
Epoch: [81][30/49]	Time 0.069 (0.083)	Speed 14809.216 (12283.703)	Loss 0.1090001240 (0.1088)	Prec@1 95.898 (96.029)	Prec@5 100.000 (99.967)
Epoch: [81][40/49]	Time 0.070 (0.080)	Speed 14528.092 (12777.177)	Loss 0.1015601605 (0.1070)	Prec@1 96.680 (96.191)	Prec@5 100.000 (99.976)
[Training] Epoch:81 total_time: 3.846
Test: [10/10]	Time 0.067 (0.050)	Speed 15224.172 (20363.817)	Loss 0.6039 (0.5555)	Prec@1 84.184 (85.790)	Prec@5 99.617 (99.280)
 * Prec@1 85.790 Prec@5 99.280	[Test] total_time: 0.503
Epoch: [82][10/49]	Time 0.119 (0.119)	Speed 8632.080 (8632.080)	Loss 0.0925313085 (0.0925)	Prec@1 96.973 (96.973)	Prec@5 100.000 (100.000)
Epoch: [82][20/49]	Time 0.070 (0.094)	Speed 14556.083 (10837.363)	Loss 0.0854224637 (0.0890)	Prec@1 96.484 (96.729)	Prec@5 100.000 (100.000)
Epoch: [82][30/49]	Time 0.066 (0.085)	Speed 15487.104 (12042.554)	Loss 0.0975845531 (0.0918)	Prec@1 96.484 (96.647)	Prec@5 100.000 (100.000)
Epoch: [82][40/49]	Time 0.066 (0.080)	Speed 15575.866 (12766.563)	Loss 0.0946916789 (0.0926)	Prec@1 96.875 (96.704)	Prec@5 100.000 (100.000)
[Training] Epoch:82 total_time: 3.845
Test: [10/10]	Time 0.076 (0.048)	Speed 13406.565 (21162.656)	Loss 0.6062 (0.5579)	Prec@1 84.439 (85.820)	Prec@5 99.617 (99.300)
 * Prec@1 85.820 Prec@5 99.300	[Test] total_time: 0.484
Epoch: [83][10/49]	Time 0.119 (0.119)	Speed 8626.457 (8626.457)	Loss 0.1198154837 (0.1198)	Prec@1 95.605 (95.605)	Prec@5 100.000 (100.000)
Epoch: [83][20/49]	Time 0.066 (0.092)	Speed 15469.438 (11076.280)	Loss 0.1043661684 (0.1121)	Prec@1 96.289 (95.947)	Prec@5 100.000 (100.000)
Epoch: [83][30/49]	Time 0.071 (0.085)	Speed 14356.661 (11989.444)	Loss 0.0935746804 (0.1059)	Prec@1 96.484 (96.126)	Prec@5 99.902 (99.967)
Epoch: [83][40/49]	Time 0.072 (0.082)	Speed 14206.829 (12476.264)	Loss 0.0976905227 (0.1039)	Prec@1 96.094 (96.118)	Prec@5 100.000 (99.976)
[Training] Epoch:83 total_time: 3.915
Test: [10/10]	Time 0.056 (0.053)	Speed 18185.375 (19344.164)	Loss 0.6138 (0.5575)	Prec@1 84.439 (85.810)	Prec@5 99.617 (99.300)
 * Prec@1 85.810 Prec@5 99.300	[Test] total_time: 0.530
Epoch: [84][10/49]	Time 0.111 (0.111)	Speed 9232.730 (9232.730)	Loss 0.0900291950 (0.0900)	Prec@1 97.168 (97.168)	Prec@5 99.805 (99.805)
Epoch: [84][20/49]	Time 0.067 (0.089)	Speed 15236.470 (11498.064)	Loss 0.1085667685 (0.0993)	Prec@1 96.289 (96.729)	Prec@5 100.000 (99.902)
Epoch: [84][30/49]	Time 0.066 (0.081)	Speed 15505.952 (12582.115)	Loss 0.0738427788 (0.0908)	Prec@1 97.461 (96.973)	Prec@5 99.902 (99.902)
Epoch: [84][40/49]	Time 0.065 (0.077)	Speed 15653.211 (13231.086)	Loss 0.1042016596 (0.0942)	Prec@1 96.387 (96.826)	Prec@5 100.000 (99.927)
[Training] Epoch:84 total_time: 3.719
Test: [10/10]	Time 0.063 (0.050)	Speed 16154.571 (20550.279)	Loss 0.6085 (0.5584)	Prec@1 84.056 (85.730)	Prec@5 99.617 (99.320)
 * Prec@1 85.730 Prec@5 99.320	[Test] total_time: 0.499
Epoch: [85][10/49]	Time 0.115 (0.115)	Speed 8923.354 (8923.354)	Loss 0.0869164094 (0.0869)	Prec@1 96.289 (96.289)	Prec@5 100.000 (100.000)
Epoch: [85][20/49]	Time 0.067 (0.091)	Speed 15202.030 (11245.673)	Loss 0.0839029849 (0.0854)	Prec@1 96.680 (96.484)	Prec@5 100.000 (100.000)
Epoch: [85][30/49]	Time 0.068 (0.083)	Speed 15104.058 (12292.384)	Loss 0.0879746228 (0.0863)	Prec@1 96.582 (96.517)	Prec@5 100.000 (100.000)
Epoch: [85][40/49]	Time 0.066 (0.079)	Speed 15489.103 (12961.130)	Loss 0.1338417828 (0.0982)	Prec@1 95.605 (96.289)	Prec@5 99.902 (99.976)
[Training] Epoch:85 total_time: 3.797
Test: [10/10]	Time 0.068 (0.053)	Speed 15053.317 (19295.679)	Loss 0.6036 (0.5561)	Prec@1 84.311 (85.740)	Prec@5 99.617 (99.320)
 * Prec@1 85.740 Prec@5 99.320	[Test] total_time: 0.531
Epoch: [86][10/49]	Time 0.109 (0.109)	Speed 9368.157 (9368.157)	Loss 0.0903425962 (0.0903)	Prec@1 96.582 (96.582)	Prec@5 100.000 (100.000)
Epoch: [86][20/49]	Time 0.071 (0.090)	Speed 14515.213 (11387.069)	Loss 0.1212569624 (0.1058)	Prec@1 96.094 (96.338)	Prec@5 99.805 (99.902)
Epoch: [86][30/49]	Time 0.070 (0.083)	Speed 14622.838 (12293.873)	Loss 0.0957178771 (0.1024)	Prec@1 96.289 (96.322)	Prec@5 100.000 (99.935)
Epoch: [86][40/49]	Time 0.067 (0.079)	Speed 15211.485 (12913.065)	Loss 0.0644059405 (0.0929)	Prec@1 97.461 (96.606)	Prec@5 100.000 (99.951)
[Training] Epoch:86 total_time: 3.800
Test: [10/10]	Time 0.073 (0.054)	Speed 14056.420 (19005.037)	Loss 0.6033 (0.5584)	Prec@1 84.439 (85.730)	Prec@5 99.617 (99.310)
 * Prec@1 85.730 Prec@5 99.310	[Test] total_time: 0.539
Epoch: [87][10/49]	Time 0.115 (0.115)	Speed 8911.750 (8911.750)	Loss 0.1095433384 (0.1095)	Prec@1 96.289 (96.289)	Prec@5 100.000 (100.000)
Epoch: [87][20/49]	Time 0.067 (0.091)	Speed 15297.560 (11262.447)	Loss 0.1072715744 (0.1084)	Prec@1 96.289 (96.289)	Prec@5 99.902 (99.951)
Epoch: [87][30/49]	Time 0.067 (0.083)	Speed 15283.216 (12345.041)	Loss 0.0979064852 (0.1049)	Prec@1 97.070 (96.549)	Prec@5 100.000 (99.967)
Epoch: [87][40/49]	Time 0.067 (0.079)	Speed 15365.317 (12983.042)	Loss 0.1109010875 (0.1064)	Prec@1 96.094 (96.436)	Prec@5 100.000 (99.976)
[Training] Epoch:87 total_time: 3.782
Test: [10/10]	Time 0.071 (0.053)	Speed 14324.102 (19452.761)	Loss 0.6004 (0.5582)	Prec@1 84.311 (85.650)	Prec@5 99.617 (99.280)
 * Prec@1 85.650 Prec@5 99.280	[Test] total_time: 0.527
Epoch: [88][10/49]	Time 0.114 (0.114)	Speed 8943.431 (8943.431)	Loss 0.1100883335 (0.1101)	Prec@1 95.996 (95.996)	Prec@5 99.902 (99.902)
Epoch: [88][20/49]	Time 0.069 (0.092)	Speed 14766.071 (11139.782)	Loss 0.1209980473 (0.1155)	Prec@1 95.703 (95.850)	Prec@5 100.000 (99.951)
Epoch: [88][30/49]	Time 0.068 (0.084)	Speed 14953.273 (12174.745)	Loss 0.0936637968 (0.1083)	Prec@1 96.777 (96.159)	Prec@5 100.000 (99.967)
Epoch: [88][40/49]	Time 0.067 (0.080)	Speed 15240.806 (12819.483)	Loss 0.1103822589 (0.1088)	Prec@1 95.801 (96.069)	Prec@5 100.000 (99.976)
[Training] Epoch:88 total_time: 3.843
Test: [10/10]	Time 0.054 (0.049)	Speed 18987.729 (21033.491)	Loss 0.6068 (0.5597)	Prec@1 84.311 (85.900)	Prec@5 99.617 (99.310)
 * Prec@1 85.900 Prec@5 99.310	[Test] total_time: 0.487
Epoch: [89][10/49]	Time 0.108 (0.108)	Speed 9485.821 (9485.821)	Loss 0.1204768941 (0.1205)	Prec@1 96.387 (96.387)	Prec@5 100.000 (100.000)
Epoch: [89][20/49]	Time 0.066 (0.087)	Speed 15579.579 (11791.960)	Loss 0.1013977230 (0.1109)	Prec@1 95.898 (96.143)	Prec@5 100.000 (100.000)
Epoch: [89][30/49]	Time 0.066 (0.080)	Speed 15446.961 (12801.653)	Loss 0.1002897993 (0.1074)	Prec@1 96.777 (96.354)	Prec@5 99.902 (99.967)
Epoch: [89][40/49]	Time 0.069 (0.077)	Speed 14939.853 (13276.695)	Loss 0.0811014473 (0.1008)	Prec@1 96.582 (96.411)	Prec@5 100.000 (99.976)
[Training] Epoch:89 total_time: 3.725
Test: [10/10]	Time 0.049 (0.049)	Speed 20869.009 (21041.858)	Loss 0.6048 (0.5591)	Prec@1 84.566 (85.780)	Prec@5 99.745 (99.290)
 * Prec@1 85.780 Prec@5 99.290	[Test] total_time: 0.487
Epoch: [90][10/49]	Time 0.113 (0.113)	Speed 9062.107 (9062.107)	Loss 0.0990775675 (0.0991)	Prec@1 96.875 (96.875)	Prec@5 99.902 (99.902)
Epoch: [90][20/49]	Time 0.067 (0.090)	Speed 15327.361 (11390.013)	Loss 0.0977097675 (0.0984)	Prec@1 96.777 (96.826)	Prec@5 100.000 (99.951)
Epoch: [90][30/49]	Time 0.067 (0.082)	Speed 15378.345 (12467.847)	Loss 0.0959330723 (0.0976)	Prec@1 96.680 (96.777)	Prec@5 100.000 (99.967)
Epoch: [90][40/49]	Time 0.066 (0.078)	Speed 15585.701 (13124.208)	Loss 0.1123173684 (0.1013)	Prec@1 96.191 (96.631)	Prec@5 100.000 (99.976)
[Training] Epoch:90 total_time: 3.758
Test: [10/10]	Time 0.063 (0.052)	Speed 16259.454 (19850.179)	Loss 0.6031 (0.5594)	Prec@1 84.311 (85.530)	Prec@5 99.617 (99.280)
 * Prec@1 85.530 Prec@5 99.280	[Test] total_time: 0.516
Epoch: [91][10/49]	Time 0.108 (0.108)	Speed 9447.316 (9447.316)	Loss 0.1055045798 (0.1055)	Prec@1 95.703 (95.703)	Prec@5 100.000 (100.000)
Epoch: [91][20/49]	Time 0.067 (0.088)	Speed 15339.322 (11693.028)	Loss 0.0953431726 (0.1004)	Prec@1 96.777 (96.240)	Prec@5 99.902 (99.951)
Epoch: [91][30/49]	Time 0.068 (0.081)	Speed 14984.465 (12616.817)	Loss 0.0941402540 (0.0983)	Prec@1 96.582 (96.354)	Prec@5 100.000 (99.967)
Epoch: [91][40/49]	Time 0.067 (0.078)	Speed 15205.136 (13177.612)	Loss 0.1068119109 (0.1004)	Prec@1 96.484 (96.387)	Prec@5 100.000 (99.976)
[Training] Epoch:91 total_time: 3.756
Test: [10/10]	Time 0.071 (0.051)	Speed 14354.022 (20096.517)	Loss 0.6054 (0.5598)	Prec@1 84.566 (85.790)	Prec@5 99.617 (99.320)
 * Prec@1 85.790 Prec@5 99.320	[Test] total_time: 0.510
Epoch: [92][10/49]	Time 0.119 (0.119)	Speed 8612.416 (8612.416)	Loss 0.1103536785 (0.1104)	Prec@1 96.289 (96.289)	Prec@5 99.902 (99.902)
Epoch: [92][20/49]	Time 0.067 (0.093)	Speed 15311.832 (11024.118)	Loss 0.1239578426 (0.1172)	Prec@1 95.312 (95.801)	Prec@5 100.000 (99.951)
Epoch: [92][30/49]	Time 0.067 (0.084)	Speed 15290.251 (12154.530)	Loss 0.1161398590 (0.1168)	Prec@1 96.387 (95.996)	Prec@5 99.805 (99.902)
Epoch: [92][40/49]	Time 0.069 (0.080)	Speed 14818.582 (12726.516)	Loss 0.1002337486 (0.1127)	Prec@1 96.777 (96.191)	Prec@5 100.000 (99.927)
[Training] Epoch:92 total_time: 3.849
Test: [10/10]	Time 0.053 (0.048)	Speed 19483.877 (21507.646)	Loss 0.6088 (0.5590)	Prec@1 84.566 (85.690)	Prec@5 99.617 (99.290)
 * Prec@1 85.690 Prec@5 99.290	[Test] total_time: 0.476
Epoch: [93][10/49]	Time 0.118 (0.118)	Speed 8656.107 (8656.107)	Loss 0.0792667344 (0.0793)	Prec@1 97.363 (97.363)	Prec@5 100.000 (100.000)
Epoch: [93][20/49]	Time 0.067 (0.092)	Speed 15363.762 (11073.363)	Loss 0.1055243835 (0.0924)	Prec@1 95.703 (96.533)	Prec@5 100.000 (100.000)
Epoch: [93][30/49]	Time 0.068 (0.084)	Speed 15012.387 (12134.682)	Loss 0.0937890708 (0.0929)	Prec@1 97.461 (96.842)	Prec@5 100.000 (100.000)
Epoch: [93][40/49]	Time 0.069 (0.081)	Speed 14767.564 (12700.782)	Loss 0.1061719209 (0.0962)	Prec@1 96.191 (96.680)	Prec@5 100.000 (100.000)
[Training] Epoch:93 total_time: 3.854
Test: [10/10]	Time 0.076 (0.057)	Speed 13455.875 (18102.640)	Loss 0.6032 (0.5583)	Prec@1 84.311 (85.790)	Prec@5 99.617 (99.300)
 * Prec@1 85.790 Prec@5 99.300	[Test] total_time: 0.566
Epoch: [94][10/49]	Time 0.116 (0.116)	Speed 8833.820 (8833.820)	Loss 0.0947357565 (0.0947)	Prec@1 96.777 (96.777)	Prec@5 100.000 (100.000)
Epoch: [94][20/49]	Time 0.068 (0.092)	Speed 15044.011 (11131.337)	Loss 0.1023096591 (0.0985)	Prec@1 96.289 (96.533)	Prec@5 100.000 (100.000)
Epoch: [94][30/49]	Time 0.070 (0.085)	Speed 14579.113 (12083.900)	Loss 0.0870015174 (0.0947)	Prec@1 97.363 (96.810)	Prec@5 100.000 (100.000)
Epoch: [94][40/49]	Time 0.068 (0.081)	Speed 15096.090 (12718.337)	Loss 0.0953100175 (0.0948)	Prec@1 96.680 (96.777)	Prec@5 100.000 (100.000)
[Training] Epoch:94 total_time: 3.854
Test: [10/10]	Time 0.067 (0.054)	Speed 15329.041 (18897.476)	Loss 0.6017 (0.5586)	Prec@1 84.439 (85.720)	Prec@5 99.745 (99.280)
 * Prec@1 85.720 Prec@5 99.280	[Test] total_time: 0.542
Epoch: [95][10/49]	Time 0.108 (0.108)	Speed 9468.708 (9468.708)	Loss 0.0909173861 (0.0909)	Prec@1 97.168 (97.168)	Prec@5 100.000 (100.000)
Epoch: [95][20/49]	Time 0.067 (0.087)	Speed 15324.703 (11705.138)	Loss 0.1215403676 (0.1062)	Prec@1 96.094 (96.631)	Prec@5 100.000 (100.000)
Epoch: [95][30/49]	Time 0.066 (0.080)	Speed 15532.970 (12752.698)	Loss 0.0851378217 (0.0992)	Prec@1 96.680 (96.647)	Prec@5 100.000 (100.000)
Epoch: [95][40/49]	Time 0.068 (0.077)	Speed 15055.111 (13259.656)	Loss 0.1056890935 (0.1008)	Prec@1 96.387 (96.582)	Prec@5 100.000 (100.000)
[Training] Epoch:95 total_time: 3.716
Test: [10/10]	Time 0.055 (0.047)	Speed 18725.143 (21961.616)	Loss 0.6055 (0.5597)	Prec@1 84.439 (85.680)	Prec@5 99.617 (99.300)
 * Prec@1 85.680 Prec@5 99.300	[Test] total_time: 0.466
Epoch: [96][10/49]	Time 0.116 (0.116)	Speed 8853.916 (8853.916)	Loss 0.0742283314 (0.0742)	Prec@1 97.363 (97.363)	Prec@5 100.000 (100.000)
Epoch: [96][20/49]	Time 0.067 (0.091)	Speed 15291.721 (11214.582)	Loss 0.0979618952 (0.0861)	Prec@1 96.777 (97.070)	Prec@5 100.000 (100.000)
Epoch: [96][30/49]	Time 0.068 (0.083)	Speed 15103.601 (12267.499)	Loss 0.1149972677 (0.0957)	Prec@1 95.996 (96.712)	Prec@5 100.000 (100.000)
Epoch: [96][40/49]	Time 0.066 (0.079)	Speed 15456.328 (12934.643)	Loss 0.1101840734 (0.0993)	Prec@1 96.387 (96.631)	Prec@5 100.000 (100.000)
[Training] Epoch:96 total_time: 3.807
Test: [10/10]	Time 0.069 (0.052)	Speed 14810.743 (19748.665)	Loss 0.6085 (0.5602)	Prec@1 84.056 (85.690)	Prec@5 99.617 (99.330)
 * Prec@1 85.690 Prec@5 99.330	[Test] total_time: 0.519
Epoch: [97][10/49]	Time 0.109 (0.109)	Speed 9415.909 (9415.909)	Loss 0.1091340035 (0.1091)	Prec@1 96.582 (96.582)	Prec@5 100.000 (100.000)
Epoch: [97][20/49]	Time 0.067 (0.088)	Speed 15398.381 (11685.989)	Loss 0.0841444284 (0.0966)	Prec@1 96.680 (96.631)	Prec@5 100.000 (100.000)
Epoch: [97][30/49]	Time 0.069 (0.081)	Speed 14929.405 (12598.318)	Loss 0.1011860520 (0.0982)	Prec@1 96.191 (96.484)	Prec@5 100.000 (100.000)
Epoch: [97][40/49]	Time 0.067 (0.078)	Speed 15242.564 (13169.470)	Loss 0.1088029146 (0.1008)	Prec@1 95.898 (96.338)	Prec@5 99.902 (99.976)
[Training] Epoch:97 total_time: 3.737
Test: [10/10]	Time 0.051 (0.044)	Speed 19976.220 (23299.098)	Loss 0.6019 (0.5600)	Prec@1 84.694 (85.800)	Prec@5 99.617 (99.270)
 * Prec@1 85.800 Prec@5 99.270	[Test] total_time: 0.440
Epoch: [98][10/49]	Time 0.117 (0.117)	Speed 8778.201 (8778.201)	Loss 0.0999410152 (0.0999)	Prec@1 96.094 (96.094)	Prec@5 100.000 (100.000)
Epoch: [98][20/49]	Time 0.067 (0.092)	Speed 15298.589 (11155.481)	Loss 0.0980436355 (0.0990)	Prec@1 96.387 (96.240)	Prec@5 100.000 (100.000)
Epoch: [98][30/49]	Time 0.067 (0.083)	Speed 15398.276 (12283.684)	Loss 0.0827277079 (0.0936)	Prec@1 97.266 (96.582)	Prec@5 100.000 (100.000)
Epoch: [98][40/49]	Time 0.067 (0.079)	Speed 15385.700 (12935.698)	Loss 0.1032169834 (0.0960)	Prec@1 96.387 (96.533)	Prec@5 100.000 (100.000)
[Training] Epoch:98 total_time: 3.811
Test: [10/10]	Time 0.053 (0.052)	Speed 19296.806 (19555.432)	Loss 0.6023 (0.5575)	Prec@1 84.439 (85.780)	Prec@5 99.872 (99.320)
 * Prec@1 85.780 Prec@5 99.320	[Test] total_time: 0.524
Epoch: [99][10/49]	Time 0.108 (0.108)	Speed 9449.771 (9449.771)	Loss 0.0832701996 (0.0833)	Prec@1 97.266 (97.266)	Prec@5 100.000 (100.000)
Epoch: [99][20/49]	Time 0.066 (0.087)	Speed 15430.412 (11721.285)	Loss 0.0913893431 (0.0873)	Prec@1 96.289 (96.777)	Prec@5 100.000 (100.000)
Epoch: [99][30/49]	Time 0.067 (0.081)	Speed 15191.121 (12687.260)	Loss 0.1083910465 (0.0944)	Prec@1 96.680 (96.745)	Prec@5 100.000 (100.000)
Epoch: [99][40/49]	Time 0.069 (0.078)	Speed 14819.159 (13160.584)	Loss 0.0952102840 (0.0946)	Prec@1 96.680 (96.729)	Prec@5 100.000 (100.000)
[Training] Epoch:99 total_time: 3.744
Test: [10/10]	Time 0.053 (0.049)	Speed 19262.275 (20716.798)	Loss 0.6046 (0.5576)	Prec@1 84.566 (85.730)	Prec@5 99.745 (99.330)
 * Prec@1 85.730 Prec@5 99.330	[Test] total_time: 0.495
*****************************************
Setting OMP_NUM_THREADS environment variable for each process to be 1 in default, to avoid your system being overloaded, please further tune the variable for optimal performance in your application as needed. 
*****************************************
